ERROR 2023-10-10T12:55:12.838 Logging.. - 
        Request URL: /api/ml-loans/get-countries?Cookie=ML_W_W_S=s:7aEujVQGW-9BW9SRPdDDcWipM6SG8JCh.rVMk+Fz/fi85mnTvCP/Gv39A8aWfbIBXA6ca4CWksDA - {"title":"Authentication Error","body":"Session expired please login again."} | "AUTHENTICATION_ERROR" - 401 Error
    at ErrorThrower (C:\Users\MOBI20227690\Desktop\2023\PROJECTS - 2023\ml-web-loan\server\utils\ErrorGenerator.js:2:16)
    at Unauthorized (C:\Users\MOBI20227690\Desktop\2023\PROJECTS - 2023\ml-web-loan\server\middleware\auth.middleware.js:35:19)
    at Auth (C:\Users\MOBI20227690\Desktop\2023\PROJECTS - 2023\ml-web-loan\server\middleware\auth.middleware.js:22:26)
    at Layer.handle [as handle_request] (C:\Users\MOBI20227690\Desktop\2023\PROJECTS - 2023\ml-web-loan\server\node_modules\express\lib\router\layer.js:95:5)
    at trim_prefix (C:\Users\MOBI20227690\Desktop\2023\PROJECTS - 2023\ml-web-loan\server\node_modules\express\lib\router\index.js:328:13)
    at C:\Users\MOBI20227690\Desktop\2023\PROJECTS - 2023\ml-web-loan\server\node_modules\express\lib\router\index.js:286:9
    at Function.process_params (C:\Users\MOBI20227690\Desktop\2023\PROJECTS - 2023\ml-web-loan\server\node_modules\express\lib\router\index.js:346:12)
    at next (C:\Users\MOBI20227690\Desktop\2023\PROJECTS - 2023\ml-web-loan\server\node_modules\express\lib\router\index.js:280:10)
    at SendStream.error (C:\Users\MOBI20227690\Desktop\2023\PROJECTS - 2023\ml-web-loan\server\node_modules\serve-static\index.js:121:7)
    at SendStream.emit (node:events:513:28)
ERROR 2023-10-10T15:22:07.272 Logging.. - 
        Request URL: /api/ml-loans/get-service-fee - undefined | "BAD_REQUEST" - 400 BadRequestError: amount is required.
    at /workspace/server-api/build/controllers/MLLoansController.js:44:19
    at Generator.next (<anonymous>)
    at /workspace/server-api/build/controllers/MLLoansController.js:8:71
    at new Promise (<anonymous>)
    at __awaiter (/workspace/server-api/build/controllers/MLLoansController.js:4:12)
    at getServiceFee (/workspace/server-api/build/controllers/MLLoansController.js:40:12)
    at /workspace/server-api/build/middlewares/CustomRequestHandler.js:18:32
    at Generator.next (<anonymous>)
    at /workspace/server-api/build/middlewares/CustomRequestHandler.js:8:71
    at new Promise (<anonymous>)
ERROR 2023-10-10T15:22:30.288 Logging.. - 
        Request URL: /api/ml-loans/get-service-fee - undefined | "BAD_REQUEST" - 400 BadRequestError: amount is required.
    at /workspace/server-api/build/controllers/MLLoansController.js:44:19
    at Generator.next (<anonymous>)
    at /workspace/server-api/build/controllers/MLLoansController.js:8:71
    at new Promise (<anonymous>)
    at __awaiter (/workspace/server-api/build/controllers/MLLoansController.js:4:12)
    at getServiceFee (/workspace/server-api/build/controllers/MLLoansController.js:40:12)
    at /workspace/server-api/build/middlewares/CustomRequestHandler.js:18:32
    at Generator.next (<anonymous>)
    at /workspace/server-api/build/middlewares/CustomRequestHandler.js:8:71
    at new Promise (<anonymous>)
ERROR 2023-10-10T18:24:11.297 Logging.. - 
        Request URL: /api/ml-loans/symph/get-countries?name=countries - {"title":"Authentication Error","body":"Session expired please login again."} | "AUTHENTICATION_ERROR" - 401 Error
    at ErrorThrower (C:\Users\MOBI20227690\Desktop\2023\PROJECTS - 2023\ml-web-loan\server\utils\ErrorGenerator.js:2:16)
    at Unauthorized (C:\Users\MOBI20227690\Desktop\2023\PROJECTS - 2023\ml-web-loan\server\middleware\auth.middleware.js:35:19)
    at Auth (C:\Users\MOBI20227690\Desktop\2023\PROJECTS - 2023\ml-web-loan\server\middleware\auth.middleware.js:22:26)
    at Layer.handle [as handle_request] (C:\Users\MOBI20227690\Desktop\2023\PROJECTS - 2023\ml-web-loan\server\node_modules\express\lib\router\layer.js:95:5)
    at trim_prefix (C:\Users\MOBI20227690\Desktop\2023\PROJECTS - 2023\ml-web-loan\server\node_modules\express\lib\router\index.js:328:13)
    at C:\Users\MOBI20227690\Desktop\2023\PROJECTS - 2023\ml-web-loan\server\node_modules\express\lib\router\index.js:286:9
    at Function.process_params (C:\Users\MOBI20227690\Desktop\2023\PROJECTS - 2023\ml-web-loan\server\node_modules\express\lib\router\index.js:346:12)
    at next (C:\Users\MOBI20227690\Desktop\2023\PROJECTS - 2023\ml-web-loan\server\node_modules\express\lib\router\index.js:280:10)
    at SendStream.error (C:\Users\MOBI20227690\Desktop\2023\PROJECTS - 2023\ml-web-loan\server\node_modules\serve-static\index.js:121:7)
    at SendStream.emit (node:events:513:28)
ERROR 2023-10-10T19:22:09.985 Logging.. - 
        Request URL: /api/ml-loans/symph/get-customers?firstName&lastName&birthdate&ckycId&cellphoneNumber=09856346185&email - undefined | undefined - 400 undefined
ERROR 2023-10-10T19:23:04.320 Logging.. - 
        Request URL: /api/ml-loans/symph/get-customers?firstName=null&lastName=null&birthdate=null&ckycId=null&cellphoneNumber=09856346185&email=null - undefined | undefined - 400 undefined
ERROR 2023-10-10T19:28:27.074 Logging.. - 
        Request URL: /api/ml-loans/symph/get-customers?firstName=null&lastName=null&birthdate=null&ckycId=null&cellphoneNumber=09856346185&email=null - undefined | undefined - 400 undefined
ERROR 2023-10-10T19:28:47.163 Logging.. - 
        Request URL: /api/ml-loans/symph/get-customers?firstName=null&lastName=null&birthdate=null&ckycId=null&cellphoneNumber=09856346185&email=jonalyn.mobilla@gmail.com - undefined | undefined - 500 undefined
ERROR 2023-10-10T19:29:01.844 Logging.. - 
        Request URL: /api/ml-loans/symph/get-customers?firstName=null&lastName=null&birthdate=dfgfhg&ckycId=null&cellphoneNumber=09856346185&email=jonalyn.mobilla@gmail.com - undefined | undefined - 500 undefined
ERROR 2023-10-10T19:30:14.095 Logging.. - 
        Request URL: /api/ml-loans/symph/get-customers?firstName=Jonalyn&lastName=Mobilla&birthdate=01/17/2000&ckycId=null&cellphoneNumber=09856346185&email=jonalyn.mobilla@gmail.com - undefined | undefined - 500 undefined
ERROR 2023-10-10T19:49:46.501 Logging.. - 
        Request URL: /api/ml-loans/symph/get-customers?firstName=Jonalyn&lastName=Mobilla&birthdate=01-17-2000&ckycId=null&cellphoneNumber=09856346185&email=jonalyn.mobilla@gmail.com - undefined | undefined - 500 undefined
ERROR 2023-10-10T19:55:58.995 Logging.. - 
        Request URL: /api/ml-loans/symph/get-customers - undefined | undefined - 400 undefined
