ERROR 2023-10-11T14:59:35.689 Logging.. - 
        Request URL: /api/ml-loans/create - {"title":"Authentication Error","body":"Session expired please login again."} | "AUTHENTICATION_ERROR" - 401 Error
    at ErrorThrower (C:\Users\BALANGYAO\Desktop\ml-web-loan\server\utils\ErrorGenerator.js:2:16)
    at Unauthorized (C:\Users\BALANGYAO\Desktop\ml-web-loan\server\middleware\auth.middleware.js:35:19)
    at Auth (C:\Users\BALANGYAO\Desktop\ml-web-loan\server\middleware\auth.middleware.js:22:26)
    at Layer.handle [as handle_request] (C:\Users\BALANGYAO\Desktop\ml-web-loan\server\node_modules\express\lib\router\layer.js:95:5)
    at trim_prefix (C:\Users\BALANGYAO\Desktop\ml-web-loan\server\node_modules\express\lib\router\index.js:328:13)
    at C:\Users\BALANGYAO\Desktop\ml-web-loan\server\node_modules\express\lib\router\index.js:286:9
    at Function.process_params (C:\Users\BALANGYAO\Desktop\ml-web-loan\server\node_modules\express\lib\router\index.js:346:12)
    at next (C:\Users\BALANGYAO\Desktop\ml-web-loan\server\node_modules\express\lib\router\index.js:280:10)
    at serveStatic (C:\Users\BALANGYAO\Desktop\ml-web-loan\server\node_modules\serve-static\index.js:75:16)
    at Layer.handle [as handle_request] (C:\Users\BALANGYAO\Desktop\ml-web-loan\server\node_modules\express\lib\router\layer.js:95:5)
ERROR 2023-10-11T15:36:01.103 Logging.. - 
        Request URL: /api/ml-loans/create - {"title":"Authentication Error","body":"Session expired please login again."} | "AUTHENTICATION_ERROR" - 401 Error
    at ErrorThrower (C:\Users\BALANGYAO\Desktop\ml-web-loan\server\utils\ErrorGenerator.js:2:16)
    at Unauthorized (C:\Users\BALANGYAO\Desktop\ml-web-loan\server\middleware\auth.middleware.js:35:19)
    at Auth (C:\Users\BALANGYAO\Desktop\ml-web-loan\server\middleware\auth.middleware.js:22:26)
    at Layer.handle [as handle_request] (C:\Users\BALANGYAO\Desktop\ml-web-loan\server\node_modules\express\lib\router\layer.js:95:5)
    at trim_prefix (C:\Users\BALANGYAO\Desktop\ml-web-loan\server\node_modules\express\lib\router\index.js:328:13)
    at C:\Users\BALANGYAO\Desktop\ml-web-loan\server\node_modules\express\lib\router\index.js:286:9
    at Function.process_params (C:\Users\BALANGYAO\Desktop\ml-web-loan\server\node_modules\express\lib\router\index.js:346:12)
    at next (C:\Users\BALANGYAO\Desktop\ml-web-loan\server\node_modules\express\lib\router\index.js:280:10)
    at serveStatic (C:\Users\BALANGYAO\Desktop\ml-web-loan\server\node_modules\serve-static\index.js:75:16)
    at Layer.handle [as handle_request] (C:\Users\BALANGYAO\Desktop\ml-web-loan\server\node_modules\express\lib\router\layer.js:95:5)
ERROR 2023-10-11T16:52:26.166 Logging.. - 
        Request URL: /api/ml-loans/create - {"title":"Authentication Error","body":"Session expired please login again."} | "AUTHENTICATION_ERROR" - 401 Error
    at ErrorThrower (C:\Users\BALANGYAO\Desktop\ml-web-loan\server\utils\ErrorGenerator.js:2:16)
    at Unauthorized (C:\Users\BALANGYAO\Desktop\ml-web-loan\server\middleware\auth.middleware.js:35:19)
    at Auth (C:\Users\BALANGYAO\Desktop\ml-web-loan\server\middleware\auth.middleware.js:22:26)
    at Layer.handle [as handle_request] (C:\Users\BALANGYAO\Desktop\ml-web-loan\server\node_modules\express\lib\router\layer.js:95:5)
    at trim_prefix (C:\Users\BALANGYAO\Desktop\ml-web-loan\server\node_modules\express\lib\router\index.js:328:13)
    at C:\Users\BALANGYAO\Desktop\ml-web-loan\server\node_modules\express\lib\router\index.js:286:9
    at Function.process_params (C:\Users\BALANGYAO\Desktop\ml-web-loan\server\node_modules\express\lib\router\index.js:346:12)
    at next (C:\Users\BALANGYAO\Desktop\ml-web-loan\server\node_modules\express\lib\router\index.js:280:10)
    at serveStatic (C:\Users\BALANGYAO\Desktop\ml-web-loan\server\node_modules\serve-static\index.js:75:16)
    at Layer.handle [as handle_request] (C:\Users\BALANGYAO\Desktop\ml-web-loan\server\node_modules\express\lib\router\layer.js:95:5)
ERROR 2023-10-11T16:56:50.201 Logging.. - 
        Request URL: /api/ml-loans/create - {"title":"Authentication Error","body":"Session expired please login again."} | "AUTHENTICATION_ERROR" - 401 Error
    at ErrorThrower (C:\Users\BALANGYAO\Desktop\ml-web-loan\server\utils\ErrorGenerator.js:2:16)
    at Unauthorized (C:\Users\BALANGYAO\Desktop\ml-web-loan\server\middleware\auth.middleware.js:35:19)
    at Auth (C:\Users\BALANGYAO\Desktop\ml-web-loan\server\middleware\auth.middleware.js:22:26)
    at Layer.handle [as handle_request] (C:\Users\BALANGYAO\Desktop\ml-web-loan\server\node_modules\express\lib\router\layer.js:95:5)
    at trim_prefix (C:\Users\BALANGYAO\Desktop\ml-web-loan\server\node_modules\express\lib\router\index.js:328:13)
    at C:\Users\BALANGYAO\Desktop\ml-web-loan\server\node_modules\express\lib\router\index.js:286:9
    at Function.process_params (C:\Users\BALANGYAO\Desktop\ml-web-loan\server\node_modules\express\lib\router\index.js:346:12)
    at next (C:\Users\BALANGYAO\Desktop\ml-web-loan\server\node_modules\express\lib\router\index.js:280:10)
    at serveStatic (C:\Users\BALANGYAO\Desktop\ml-web-loan\server\node_modules\serve-static\index.js:75:16)
    at Layer.handle [as handle_request] (C:\Users\BALANGYAO\Desktop\ml-web-loan\server\node_modules\express\lib\router\layer.js:95:5)
ERROR 2023-10-11T17:01:01.420 Logging.. - 
        Request URL: /api/ml-loans/create - {"title":"Authentication Error","body":"Session expired please login again."} | "AUTHENTICATION_ERROR" - 401 Error
    at ErrorThrower (C:\Users\BALANGYAO\Desktop\ml-web-loan\server\utils\ErrorGenerator.js:2:16)
    at Unauthorized (C:\Users\BALANGYAO\Desktop\ml-web-loan\server\middleware\auth.middleware.js:35:19)
    at Auth (C:\Users\BALANGYAO\Desktop\ml-web-loan\server\middleware\auth.middleware.js:22:26)
    at Layer.handle [as handle_request] (C:\Users\BALANGYAO\Desktop\ml-web-loan\server\node_modules\express\lib\router\layer.js:95:5)
    at trim_prefix (C:\Users\BALANGYAO\Desktop\ml-web-loan\server\node_modules\express\lib\router\index.js:328:13)
    at C:\Users\BALANGYAO\Desktop\ml-web-loan\server\node_modules\express\lib\router\index.js:286:9
    at Function.process_params (C:\Users\BALANGYAO\Desktop\ml-web-loan\server\node_modules\express\lib\router\index.js:346:12)
    at next (C:\Users\BALANGYAO\Desktop\ml-web-loan\server\node_modules\express\lib\router\index.js:280:10)
    at serveStatic (C:\Users\BALANGYAO\Desktop\ml-web-loan\server\node_modules\serve-static\index.js:75:16)
    at Layer.handle [as handle_request] (C:\Users\BALANGYAO\Desktop\ml-web-loan\server\node_modules\express\lib\router\layer.js:95:5)
ERROR 2023-10-11T17:02:46.706 Logging.. - 
        Request URL: /api/ml-loans/create - {"title":"Authentication Error","body":"Session expired please login again."} | "AUTHENTICATION_ERROR" - 401 Error
    at ErrorThrower (C:\Users\BALANGYAO\Desktop\ml-web-loan\server\utils\ErrorGenerator.js:2:16)
    at Unauthorized (C:\Users\BALANGYAO\Desktop\ml-web-loan\server\middleware\auth.middleware.js:35:19)
    at Auth (C:\Users\BALANGYAO\Desktop\ml-web-loan\server\middleware\auth.middleware.js:22:26)
    at Layer.handle [as handle_request] (C:\Users\BALANGYAO\Desktop\ml-web-loan\server\node_modules\express\lib\router\layer.js:95:5)
    at trim_prefix (C:\Users\BALANGYAO\Desktop\ml-web-loan\server\node_modules\express\lib\router\index.js:328:13)
    at C:\Users\BALANGYAO\Desktop\ml-web-loan\server\node_modules\express\lib\router\index.js:286:9
    at Function.process_params (C:\Users\BALANGYAO\Desktop\ml-web-loan\server\node_modules\express\lib\router\index.js:346:12)
    at next (C:\Users\BALANGYAO\Desktop\ml-web-loan\server\node_modules\express\lib\router\index.js:280:10)
    at serveStatic (C:\Users\BALANGYAO\Desktop\ml-web-loan\server\node_modules\serve-static\index.js:75:16)
    at Layer.handle [as handle_request] (C:\Users\BALANGYAO\Desktop\ml-web-loan\server\node_modules\express\lib\router\layer.js:95:5)
ERROR 2023-10-11T17:11:14.281 Logging.. - 
        Request URL: /api/ml-loans/create - {"title":"Authentication Error","body":"Session expired please login again."} | "AUTHENTICATION_ERROR" - 401 Error
    at ErrorThrower (C:\Users\BALANGYAO\Desktop\ml-web-loan\server\utils\ErrorGenerator.js:2:16)
    at Unauthorized (C:\Users\BALANGYAO\Desktop\ml-web-loan\server\middleware\auth.middleware.js:35:19)
    at Auth (C:\Users\BALANGYAO\Desktop\ml-web-loan\server\middleware\auth.middleware.js:22:26)
    at Layer.handle [as handle_request] (C:\Users\BALANGYAO\Desktop\ml-web-loan\server\node_modules\express\lib\router\layer.js:95:5)
    at trim_prefix (C:\Users\BALANGYAO\Desktop\ml-web-loan\server\node_modules\express\lib\router\index.js:328:13)
    at C:\Users\BALANGYAO\Desktop\ml-web-loan\server\node_modules\express\lib\router\index.js:286:9
    at Function.process_params (C:\Users\BALANGYAO\Desktop\ml-web-loan\server\node_modules\express\lib\router\index.js:346:12)
    at next (C:\Users\BALANGYAO\Desktop\ml-web-loan\server\node_modules\express\lib\router\index.js:280:10)
    at serveStatic (C:\Users\BALANGYAO\Desktop\ml-web-loan\server\node_modules\serve-static\index.js:75:16)
    at Layer.handle [as handle_request] (C:\Users\BALANGYAO\Desktop\ml-web-loan\server\node_modules\express\lib\router\layer.js:95:5)
ERROR 2023-10-11T17:11:42.302 Logging.. - 
        Request URL: /api/ml-loans/create - {"title":"Authentication Error","body":"Session expired please login again."} | "AUTHENTICATION_ERROR" - 401 Error
    at ErrorThrower (C:\Users\BALANGYAO\Desktop\ml-web-loan\server\utils\ErrorGenerator.js:2:16)
    at Unauthorized (C:\Users\BALANGYAO\Desktop\ml-web-loan\server\middleware\auth.middleware.js:35:19)
    at Auth (C:\Users\BALANGYAO\Desktop\ml-web-loan\server\middleware\auth.middleware.js:22:26)
    at Layer.handle [as handle_request] (C:\Users\BALANGYAO\Desktop\ml-web-loan\server\node_modules\express\lib\router\layer.js:95:5)
    at trim_prefix (C:\Users\BALANGYAO\Desktop\ml-web-loan\server\node_modules\express\lib\router\index.js:328:13)
    at C:\Users\BALANGYAO\Desktop\ml-web-loan\server\node_modules\express\lib\router\index.js:286:9
    at Function.process_params (C:\Users\BALANGYAO\Desktop\ml-web-loan\server\node_modules\express\lib\router\index.js:346:12)
    at next (C:\Users\BALANGYAO\Desktop\ml-web-loan\server\node_modules\express\lib\router\index.js:280:10)
    at serveStatic (C:\Users\BALANGYAO\Desktop\ml-web-loan\server\node_modules\serve-static\index.js:75:16)
    at Layer.handle [as handle_request] (C:\Users\BALANGYAO\Desktop\ml-web-loan\server\node_modules\express\lib\router\layer.js:95:5)
ERROR 2023-10-11T17:12:35.768 Logging.. - 
        Request URL: /api/ml-loans/create - {"title":"Authentication Error","body":"Session expired please login again."} | "AUTHENTICATION_ERROR" - 401 Error
    at ErrorThrower (C:\Users\BALANGYAO\Desktop\ml-web-loan\server\utils\ErrorGenerator.js:2:16)
    at Unauthorized (C:\Users\BALANGYAO\Desktop\ml-web-loan\server\middleware\auth.middleware.js:35:19)
    at Auth (C:\Users\BALANGYAO\Desktop\ml-web-loan\server\middleware\auth.middleware.js:22:26)
    at Layer.handle [as handle_request] (C:\Users\BALANGYAO\Desktop\ml-web-loan\server\node_modules\express\lib\router\layer.js:95:5)
    at trim_prefix (C:\Users\BALANGYAO\Desktop\ml-web-loan\server\node_modules\express\lib\router\index.js:328:13)
    at C:\Users\BALANGYAO\Desktop\ml-web-loan\server\node_modules\express\lib\router\index.js:286:9
    at Function.process_params (C:\Users\BALANGYAO\Desktop\ml-web-loan\server\node_modules\express\lib\router\index.js:346:12)
    at next (C:\Users\BALANGYAO\Desktop\ml-web-loan\server\node_modules\express\lib\router\index.js:280:10)
    at serveStatic (C:\Users\BALANGYAO\Desktop\ml-web-loan\server\node_modules\serve-static\index.js:75:16)
    at Layer.handle [as handle_request] (C:\Users\BALANGYAO\Desktop\ml-web-loan\server\node_modules\express\lib\router\layer.js:95:5)
ERROR 2023-10-11T17:19:11.292 Logging.. - 
        Request URL: /api/ml-loans/create - {"title":"Authentication Error","body":"Session expired please login again."} | "AUTHENTICATION_ERROR" - 401 Error
    at ErrorThrower (C:\Users\BALANGYAO\Desktop\ml-web-loan\server\utils\ErrorGenerator.js:2:16)
    at Unauthorized (C:\Users\BALANGYAO\Desktop\ml-web-loan\server\middleware\auth.middleware.js:35:19)
    at Auth (C:\Users\BALANGYAO\Desktop\ml-web-loan\server\middleware\auth.middleware.js:22:26)
    at Layer.handle [as handle_request] (C:\Users\BALANGYAO\Desktop\ml-web-loan\server\node_modules\express\lib\router\layer.js:95:5)
    at trim_prefix (C:\Users\BALANGYAO\Desktop\ml-web-loan\server\node_modules\express\lib\router\index.js:328:13)
    at C:\Users\BALANGYAO\Desktop\ml-web-loan\server\node_modules\express\lib\router\index.js:286:9
    at Function.process_params (C:\Users\BALANGYAO\Desktop\ml-web-loan\server\node_modules\express\lib\router\index.js:346:12)
    at next (C:\Users\BALANGYAO\Desktop\ml-web-loan\server\node_modules\express\lib\router\index.js:280:10)
    at serveStatic (C:\Users\BALANGYAO\Desktop\ml-web-loan\server\node_modules\serve-static\index.js:75:16)
    at Layer.handle [as handle_request] (C:\Users\BALANGYAO\Desktop\ml-web-loan\server\node_modules\express\lib\router\layer.js:95:5)
