ERROR 2024-03-22T14:41:10.714 Logging.. - 
    Request URL: /api/ml-loans/payroll/get-qualification, Response URL: {"url":null,"data":null} - {"title":"Authentication Error","body":"Session expired please login again."} | undefined | AUTHENTICATION_ERROR - 401 | null Error
    at ErrorThrower (C:\Users\CAST20248219\Documents\Ml-Loans\ml-web-loan\server\utils\ErrorGenerator.js:2:16)
    at Unauthorized (C:\Users\CAST20248219\Documents\Ml-Loans\ml-web-loan\server\middleware\auth.middleware.js:35:19)
    at Auth (C:\Users\CAST20248219\Documents\Ml-Loans\ml-web-loan\server\middleware\auth.middleware.js:22:26)
    at Layer.handle [as handle_request] (C:\Users\CAST20248219\Documents\Ml-Loans\ml-web-loan\server\node_modules\express\lib\router\layer.js:95:5)
    at trim_prefix (C:\Users\CAST20248219\Documents\Ml-Loans\ml-web-loan\server\node_modules\express\lib\router\index.js:328:13)
    at C:\Users\CAST20248219\Documents\Ml-Loans\ml-web-loan\server\node_modules\express\lib\router\index.js:286:9
    at Function.process_params (C:\Users\CAST20248219\Documents\Ml-Loans\ml-web-loan\server\node_modules\express\lib\router\index.js:346:12)
    at next (C:\Users\CAST20248219\Documents\Ml-Loans\ml-web-loan\server\node_modules\express\lib\router\index.js:280:10)
    at cors (C:\Users\CAST20248219\Documents\Ml-Loans\ml-web-loan\server\node_modules\cors\lib\index.js:188:7)
    at C:\Users\CAST20248219\Documents\Ml-Loans\ml-web-loan\server\node_modules\cors\lib\index.js:224:17
ERROR 2024-03-22T14:45:25.491 Logging.. - 
    Request URL: /api/ml-loans/payroll/get-qualification, Response URL: {"url":null,"data":null} - {"title":"Authentication Error","body":"Session expired please login again."} | undefined | AUTHENTICATION_ERROR - 401 | null Error
    at ErrorThrower (C:\Users\CAST20248219\Documents\Ml-Loans\ml-web-loan\server\utils\ErrorGenerator.js:2:16)
    at Unauthorized (C:\Users\CAST20248219\Documents\Ml-Loans\ml-web-loan\server\middleware\auth.middleware.js:35:19)
    at Auth (C:\Users\CAST20248219\Documents\Ml-Loans\ml-web-loan\server\middleware\auth.middleware.js:22:26)
    at Layer.handle [as handle_request] (C:\Users\CAST20248219\Documents\Ml-Loans\ml-web-loan\server\node_modules\express\lib\router\layer.js:95:5)
    at trim_prefix (C:\Users\CAST20248219\Documents\Ml-Loans\ml-web-loan\server\node_modules\express\lib\router\index.js:328:13)
    at C:\Users\CAST20248219\Documents\Ml-Loans\ml-web-loan\server\node_modules\express\lib\router\index.js:286:9
    at Function.process_params (C:\Users\CAST20248219\Documents\Ml-Loans\ml-web-loan\server\node_modules\express\lib\router\index.js:346:12)
    at next (C:\Users\CAST20248219\Documents\Ml-Loans\ml-web-loan\server\node_modules\express\lib\router\index.js:280:10)
    at cors (C:\Users\CAST20248219\Documents\Ml-Loans\ml-web-loan\server\node_modules\cors\lib\index.js:188:7)
    at C:\Users\CAST20248219\Documents\Ml-Loans\ml-web-loan\server\node_modules\cors\lib\index.js:224:17
ERROR 2024-03-22T14:45:32.616 Logging.. - 
    Request URL: /api/ml-loans/payroll/get-qualification, Response URL: {"url":null,"data":null} - {"title":"Authentication Error","body":"Session expired please login again."} | undefined | AUTHENTICATION_ERROR - 401 | null Error
    at ErrorThrower (C:\Users\CAST20248219\Documents\Ml-Loans\ml-web-loan\server\utils\ErrorGenerator.js:2:16)
    at Unauthorized (C:\Users\CAST20248219\Documents\Ml-Loans\ml-web-loan\server\middleware\auth.middleware.js:35:19)
    at Auth (C:\Users\CAST20248219\Documents\Ml-Loans\ml-web-loan\server\middleware\auth.middleware.js:22:26)
    at Layer.handle [as handle_request] (C:\Users\CAST20248219\Documents\Ml-Loans\ml-web-loan\server\node_modules\express\lib\router\layer.js:95:5)
    at trim_prefix (C:\Users\CAST20248219\Documents\Ml-Loans\ml-web-loan\server\node_modules\express\lib\router\index.js:328:13)
    at C:\Users\CAST20248219\Documents\Ml-Loans\ml-web-loan\server\node_modules\express\lib\router\index.js:286:9
    at Function.process_params (C:\Users\CAST20248219\Documents\Ml-Loans\ml-web-loan\server\node_modules\express\lib\router\index.js:346:12)
    at next (C:\Users\CAST20248219\Documents\Ml-Loans\ml-web-loan\server\node_modules\express\lib\router\index.js:280:10)
    at cors (C:\Users\CAST20248219\Documents\Ml-Loans\ml-web-loan\server\node_modules\cors\lib\index.js:188:7)
    at C:\Users\CAST20248219\Documents\Ml-Loans\ml-web-loan\server\node_modules\cors\lib\index.js:224:17
ERROR 2024-03-22T14:48:24.250 Logging.. - 
    Request URL: /api/ml-loans/payroll/get-qualification/api/qua, Response URL: {"url":null,"data":null} - {"title":"Authentication Error","body":"Session expired please login again."} | undefined | AUTHENTICATION_ERROR - 401 | null Error
    at ErrorThrower (C:\Users\CAST20248219\Documents\Ml-Loans\ml-web-loan\server\utils\ErrorGenerator.js:2:16)
    at Unauthorized (C:\Users\CAST20248219\Documents\Ml-Loans\ml-web-loan\server\middleware\auth.middleware.js:35:19)
    at Auth (C:\Users\CAST20248219\Documents\Ml-Loans\ml-web-loan\server\middleware\auth.middleware.js:22:26)
    at Layer.handle [as handle_request] (C:\Users\CAST20248219\Documents\Ml-Loans\ml-web-loan\server\node_modules\express\lib\router\layer.js:95:5)
    at trim_prefix (C:\Users\CAST20248219\Documents\Ml-Loans\ml-web-loan\server\node_modules\express\lib\router\index.js:328:13)
    at C:\Users\CAST20248219\Documents\Ml-Loans\ml-web-loan\server\node_modules\express\lib\router\index.js:286:9
    at Function.process_params (C:\Users\CAST20248219\Documents\Ml-Loans\ml-web-loan\server\node_modules\express\lib\router\index.js:346:12)
    at next (C:\Users\CAST20248219\Documents\Ml-Loans\ml-web-loan\server\node_modules\express\lib\router\index.js:280:10)
    at cors (C:\Users\CAST20248219\Documents\Ml-Loans\ml-web-loan\server\node_modules\cors\lib\index.js:188:7)
    at C:\Users\CAST20248219\Documents\Ml-Loans\ml-web-loan\server\node_modules\cors\lib\index.js:224:17
ERROR 2024-03-22T14:48:26.812 Logging.. - 
    Request URL: /api/ml-loans/payroll/get-qualification/api/qua, Response URL: {"url":null,"data":null} - {"title":"Authentication Error","body":"Session expired please login again."} | undefined | AUTHENTICATION_ERROR - 401 | null Error
    at ErrorThrower (C:\Users\CAST20248219\Documents\Ml-Loans\ml-web-loan\server\utils\ErrorGenerator.js:2:16)
    at Unauthorized (C:\Users\CAST20248219\Documents\Ml-Loans\ml-web-loan\server\middleware\auth.middleware.js:35:19)
    at Auth (C:\Users\CAST20248219\Documents\Ml-Loans\ml-web-loan\server\middleware\auth.middleware.js:22:26)
    at Layer.handle [as handle_request] (C:\Users\CAST20248219\Documents\Ml-Loans\ml-web-loan\server\node_modules\express\lib\router\layer.js:95:5)
    at trim_prefix (C:\Users\CAST20248219\Documents\Ml-Loans\ml-web-loan\server\node_modules\express\lib\router\index.js:328:13)
    at C:\Users\CAST20248219\Documents\Ml-Loans\ml-web-loan\server\node_modules\express\lib\router\index.js:286:9
    at Function.process_params (C:\Users\CAST20248219\Documents\Ml-Loans\ml-web-loan\server\node_modules\express\lib\router\index.js:346:12)
    at next (C:\Users\CAST20248219\Documents\Ml-Loans\ml-web-loan\server\node_modules\express\lib\router\index.js:280:10)
    at cors (C:\Users\CAST20248219\Documents\Ml-Loans\ml-web-loan\server\node_modules\cors\lib\index.js:188:7)
    at C:\Users\CAST20248219\Documents\Ml-Loans\ml-web-loan\server\node_modules\cors\lib\index.js:224:17
ERROR 2024-03-22T14:49:48.764 Logging.. - 
    Request URL: /api/ml-loans/payroll/get-qualification/api/qua, Response URL: {"url":null,"data":null} - {"title":"Authentication Error","body":"Session expired please login again."} | undefined | AUTHENTICATION_ERROR - 401 | null Error
    at ErrorThrower (C:\Users\CAST20248219\Documents\Ml-Loans\ml-web-loan\server\utils\ErrorGenerator.js:2:16)
    at Unauthorized (C:\Users\CAST20248219\Documents\Ml-Loans\ml-web-loan\server\middleware\auth.middleware.js:35:19)
    at Auth (C:\Users\CAST20248219\Documents\Ml-Loans\ml-web-loan\server\middleware\auth.middleware.js:22:26)
    at Layer.handle [as handle_request] (C:\Users\CAST20248219\Documents\Ml-Loans\ml-web-loan\server\node_modules\express\lib\router\layer.js:95:5)
    at trim_prefix (C:\Users\CAST20248219\Documents\Ml-Loans\ml-web-loan\server\node_modules\express\lib\router\index.js:328:13)
    at C:\Users\CAST20248219\Documents\Ml-Loans\ml-web-loan\server\node_modules\express\lib\router\index.js:286:9
    at Function.process_params (C:\Users\CAST20248219\Documents\Ml-Loans\ml-web-loan\server\node_modules\express\lib\router\index.js:346:12)
    at next (C:\Users\CAST20248219\Documents\Ml-Loans\ml-web-loan\server\node_modules\express\lib\router\index.js:280:10)
    at cors (C:\Users\CAST20248219\Documents\Ml-Loans\ml-web-loan\server\node_modules\cors\lib\index.js:188:7)
    at C:\Users\CAST20248219\Documents\Ml-Loans\ml-web-loan\server\node_modules\cors\lib\index.js:224:17
ERROR 2024-03-22T14:49:49.850 Logging.. - 
    Request URL: /api/ml-loans/payroll/get-qualification/api/qua, Response URL: {"url":null,"data":null} - {"title":"Authentication Error","body":"Session expired please login again."} | undefined | AUTHENTICATION_ERROR - 401 | null Error
    at ErrorThrower (C:\Users\CAST20248219\Documents\Ml-Loans\ml-web-loan\server\utils\ErrorGenerator.js:2:16)
    at Unauthorized (C:\Users\CAST20248219\Documents\Ml-Loans\ml-web-loan\server\middleware\auth.middleware.js:35:19)
    at Auth (C:\Users\CAST20248219\Documents\Ml-Loans\ml-web-loan\server\middleware\auth.middleware.js:22:26)
    at Layer.handle [as handle_request] (C:\Users\CAST20248219\Documents\Ml-Loans\ml-web-loan\server\node_modules\express\lib\router\layer.js:95:5)
    at trim_prefix (C:\Users\CAST20248219\Documents\Ml-Loans\ml-web-loan\server\node_modules\express\lib\router\index.js:328:13)
    at C:\Users\CAST20248219\Documents\Ml-Loans\ml-web-loan\server\node_modules\express\lib\router\index.js:286:9
    at Function.process_params (C:\Users\CAST20248219\Documents\Ml-Loans\ml-web-loan\server\node_modules\express\lib\router\index.js:346:12)
    at next (C:\Users\CAST20248219\Documents\Ml-Loans\ml-web-loan\server\node_modules\express\lib\router\index.js:280:10)
    at cors (C:\Users\CAST20248219\Documents\Ml-Loans\ml-web-loan\server\node_modules\cors\lib\index.js:188:7)
    at C:\Users\CAST20248219\Documents\Ml-Loans\ml-web-loan\server\node_modules\cors\lib\index.js:224:17
ERROR 2024-03-22T14:50:32.454 Logging.. - 
    Request URL: /api/ml-loans/payroll/get-qualification/api/qua, Response URL: {"url":null,"data":null} - {"title":"Authentication Error","body":"Session expired please login again."} | undefined | AUTHENTICATION_ERROR - 401 | null Error
    at ErrorThrower (C:\Users\CAST20248219\Documents\Ml-Loans\ml-web-loan\server\utils\ErrorGenerator.js:2:16)
    at Unauthorized (C:\Users\CAST20248219\Documents\Ml-Loans\ml-web-loan\server\middleware\auth.middleware.js:35:19)
    at Auth (C:\Users\CAST20248219\Documents\Ml-Loans\ml-web-loan\server\middleware\auth.middleware.js:22:26)
    at Layer.handle [as handle_request] (C:\Users\CAST20248219\Documents\Ml-Loans\ml-web-loan\server\node_modules\express\lib\router\layer.js:95:5)
    at trim_prefix (C:\Users\CAST20248219\Documents\Ml-Loans\ml-web-loan\server\node_modules\express\lib\router\index.js:328:13)
    at C:\Users\CAST20248219\Documents\Ml-Loans\ml-web-loan\server\node_modules\express\lib\router\index.js:286:9
    at Function.process_params (C:\Users\CAST20248219\Documents\Ml-Loans\ml-web-loan\server\node_modules\express\lib\router\index.js:346:12)
    at next (C:\Users\CAST20248219\Documents\Ml-Loans\ml-web-loan\server\node_modules\express\lib\router\index.js:280:10)
    at cors (C:\Users\CAST20248219\Documents\Ml-Loans\ml-web-loan\server\node_modules\cors\lib\index.js:188:7)
    at C:\Users\CAST20248219\Documents\Ml-Loans\ml-web-loan\server\node_modules\cors\lib\index.js:224:17
ERROR 2024-03-22T14:50:34.092 Logging.. - 
    Request URL: /api/ml-loans/payroll/get-qualification/api/qua, Response URL: {"url":null,"data":null} - {"title":"Authentication Error","body":"Session expired please login again."} | undefined | AUTHENTICATION_ERROR - 401 | null Error
    at ErrorThrower (C:\Users\CAST20248219\Documents\Ml-Loans\ml-web-loan\server\utils\ErrorGenerator.js:2:16)
    at Unauthorized (C:\Users\CAST20248219\Documents\Ml-Loans\ml-web-loan\server\middleware\auth.middleware.js:35:19)
    at Auth (C:\Users\CAST20248219\Documents\Ml-Loans\ml-web-loan\server\middleware\auth.middleware.js:22:26)
    at Layer.handle [as handle_request] (C:\Users\CAST20248219\Documents\Ml-Loans\ml-web-loan\server\node_modules\express\lib\router\layer.js:95:5)
    at trim_prefix (C:\Users\CAST20248219\Documents\Ml-Loans\ml-web-loan\server\node_modules\express\lib\router\index.js:328:13)
    at C:\Users\CAST20248219\Documents\Ml-Loans\ml-web-loan\server\node_modules\express\lib\router\index.js:286:9
    at Function.process_params (C:\Users\CAST20248219\Documents\Ml-Loans\ml-web-loan\server\node_modules\express\lib\router\index.js:346:12)
    at next (C:\Users\CAST20248219\Documents\Ml-Loans\ml-web-loan\server\node_modules\express\lib\router\index.js:280:10)
    at cors (C:\Users\CAST20248219\Documents\Ml-Loans\ml-web-loan\server\node_modules\cors\lib\index.js:188:7)
    at C:\Users\CAST20248219\Documents\Ml-Loans\ml-web-loan\server\node_modules\cors\lib\index.js:224:17
ERROR 2024-03-22T14:50:53.864 Logging.. - 
    Request URL: /api/ml-loans/payroll/get-qualification/api/qua, Response URL: {"url":null,"data":null} - {"title":"Authentication Error","body":"Session expired please login again."} | undefined | AUTHENTICATION_ERROR - 401 | null Error
    at ErrorThrower (C:\Users\CAST20248219\Documents\Ml-Loans\ml-web-loan\server\utils\ErrorGenerator.js:2:16)
    at Unauthorized (C:\Users\CAST20248219\Documents\Ml-Loans\ml-web-loan\server\middleware\auth.middleware.js:35:19)
    at Auth (C:\Users\CAST20248219\Documents\Ml-Loans\ml-web-loan\server\middleware\auth.middleware.js:22:26)
    at Layer.handle [as handle_request] (C:\Users\CAST20248219\Documents\Ml-Loans\ml-web-loan\server\node_modules\express\lib\router\layer.js:95:5)
    at trim_prefix (C:\Users\CAST20248219\Documents\Ml-Loans\ml-web-loan\server\node_modules\express\lib\router\index.js:328:13)
    at C:\Users\CAST20248219\Documents\Ml-Loans\ml-web-loan\server\node_modules\express\lib\router\index.js:286:9
    at Function.process_params (C:\Users\CAST20248219\Documents\Ml-Loans\ml-web-loan\server\node_modules\express\lib\router\index.js:346:12)
    at next (C:\Users\CAST20248219\Documents\Ml-Loans\ml-web-loan\server\node_modules\express\lib\router\index.js:280:10)
    at cors (C:\Users\CAST20248219\Documents\Ml-Loans\ml-web-loan\server\node_modules\cors\lib\index.js:188:7)
    at C:\Users\CAST20248219\Documents\Ml-Loans\ml-web-loan\server\node_modules\cors\lib\index.js:224:17
ERROR 2024-03-22T15:02:42.004 Logging.. - 
    Request URL: /api/ml-loans/payroll/get-qualification/api/qua, Response URL: {"url":null,"data":null} - {"title":"Authentication Error","body":"Session expired please login again."} | undefined | AUTHENTICATION_ERROR - 401 | null Error
    at ErrorThrower (C:\Users\CAST20248219\Documents\Ml-Loans\ml-web-loan\server\utils\ErrorGenerator.js:2:16)
    at Unauthorized (C:\Users\CAST20248219\Documents\Ml-Loans\ml-web-loan\server\middleware\auth.middleware.js:35:19)
    at Auth (C:\Users\CAST20248219\Documents\Ml-Loans\ml-web-loan\server\middleware\auth.middleware.js:22:26)
    at Layer.handle [as handle_request] (C:\Users\CAST20248219\Documents\Ml-Loans\ml-web-loan\server\node_modules\express\lib\router\layer.js:95:5)
    at trim_prefix (C:\Users\CAST20248219\Documents\Ml-Loans\ml-web-loan\server\node_modules\express\lib\router\index.js:328:13)
    at C:\Users\CAST20248219\Documents\Ml-Loans\ml-web-loan\server\node_modules\express\lib\router\index.js:286:9
    at Function.process_params (C:\Users\CAST20248219\Documents\Ml-Loans\ml-web-loan\server\node_modules\express\lib\router\index.js:346:12)
    at next (C:\Users\CAST20248219\Documents\Ml-Loans\ml-web-loan\server\node_modules\express\lib\router\index.js:280:10)
    at cors (C:\Users\CAST20248219\Documents\Ml-Loans\ml-web-loan\server\node_modules\cors\lib\index.js:188:7)
    at C:\Users\CAST20248219\Documents\Ml-Loans\ml-web-loan\server\node_modules\cors\lib\index.js:224:17
ERROR 2024-03-22T15:37:50.711 Logging.. - 
    Request URL: /api/ml-loans/payroll/get-qualification/api/qua, Response URL: {"url":null,"data":null} - {"title":"Authentication Error","body":"Session expired please login again."} | undefined | AUTHENTICATION_ERROR - 401 | null Error
    at ErrorThrower (C:\Users\CAST20248219\Documents\Ml-Loans\ml-web-loan\server\utils\ErrorGenerator.js:2:16)
    at Unauthorized (C:\Users\CAST20248219\Documents\Ml-Loans\ml-web-loan\server\middleware\auth.middleware.js:35:19)
    at Auth (C:\Users\CAST20248219\Documents\Ml-Loans\ml-web-loan\server\middleware\auth.middleware.js:22:26)
    at Layer.handle [as handle_request] (C:\Users\CAST20248219\Documents\Ml-Loans\ml-web-loan\server\node_modules\express\lib\router\layer.js:95:5)
    at trim_prefix (C:\Users\CAST20248219\Documents\Ml-Loans\ml-web-loan\server\node_modules\express\lib\router\index.js:328:13)
    at C:\Users\CAST20248219\Documents\Ml-Loans\ml-web-loan\server\node_modules\express\lib\router\index.js:286:9
    at Function.process_params (C:\Users\CAST20248219\Documents\Ml-Loans\ml-web-loan\server\node_modules\express\lib\router\index.js:346:12)
    at next (C:\Users\CAST20248219\Documents\Ml-Loans\ml-web-loan\server\node_modules\express\lib\router\index.js:280:10)
    at cors (C:\Users\CAST20248219\Documents\Ml-Loans\ml-web-loan\server\node_modules\cors\lib\index.js:188:7)
    at C:\Users\CAST20248219\Documents\Ml-Loans\ml-web-loan\server\node_modules\cors\lib\index.js:224:17
ERROR 2024-03-22T15:37:54.442 Logging.. - 
    Request URL: /api/ml-loans/payroll/get-qualification/api/qua, Response URL: {"url":null,"data":null} - {"title":"Authentication Error","body":"Session expired please login again."} | undefined | AUTHENTICATION_ERROR - 401 | null Error
    at ErrorThrower (C:\Users\CAST20248219\Documents\Ml-Loans\ml-web-loan\server\utils\ErrorGenerator.js:2:16)
    at Unauthorized (C:\Users\CAST20248219\Documents\Ml-Loans\ml-web-loan\server\middleware\auth.middleware.js:35:19)
    at Auth (C:\Users\CAST20248219\Documents\Ml-Loans\ml-web-loan\server\middleware\auth.middleware.js:22:26)
    at Layer.handle [as handle_request] (C:\Users\CAST20248219\Documents\Ml-Loans\ml-web-loan\server\node_modules\express\lib\router\layer.js:95:5)
    at trim_prefix (C:\Users\CAST20248219\Documents\Ml-Loans\ml-web-loan\server\node_modules\express\lib\router\index.js:328:13)
    at C:\Users\CAST20248219\Documents\Ml-Loans\ml-web-loan\server\node_modules\express\lib\router\index.js:286:9
    at Function.process_params (C:\Users\CAST20248219\Documents\Ml-Loans\ml-web-loan\server\node_modules\express\lib\router\index.js:346:12)
    at next (C:\Users\CAST20248219\Documents\Ml-Loans\ml-web-loan\server\node_modules\express\lib\router\index.js:280:10)
    at cors (C:\Users\CAST20248219\Documents\Ml-Loans\ml-web-loan\server\node_modules\cors\lib\index.js:188:7)
    at C:\Users\CAST20248219\Documents\Ml-Loans\ml-web-loan\server\node_modules\cors\lib\index.js:224:17
ERROR 2024-03-22T15:37:55.607 Logging.. - 
    Request URL: /api/ml-loans/payroll/get-qualification/api/qua, Response URL: {"url":null,"data":null} - {"title":"Authentication Error","body":"Session expired please login again."} | undefined | AUTHENTICATION_ERROR - 401 | null Error
    at ErrorThrower (C:\Users\CAST20248219\Documents\Ml-Loans\ml-web-loan\server\utils\ErrorGenerator.js:2:16)
    at Unauthorized (C:\Users\CAST20248219\Documents\Ml-Loans\ml-web-loan\server\middleware\auth.middleware.js:35:19)
    at Auth (C:\Users\CAST20248219\Documents\Ml-Loans\ml-web-loan\server\middleware\auth.middleware.js:22:26)
    at Layer.handle [as handle_request] (C:\Users\CAST20248219\Documents\Ml-Loans\ml-web-loan\server\node_modules\express\lib\router\layer.js:95:5)
    at trim_prefix (C:\Users\CAST20248219\Documents\Ml-Loans\ml-web-loan\server\node_modules\express\lib\router\index.js:328:13)
    at C:\Users\CAST20248219\Documents\Ml-Loans\ml-web-loan\server\node_modules\express\lib\router\index.js:286:9
    at Function.process_params (C:\Users\CAST20248219\Documents\Ml-Loans\ml-web-loan\server\node_modules\express\lib\router\index.js:346:12)
    at next (C:\Users\CAST20248219\Documents\Ml-Loans\ml-web-loan\server\node_modules\express\lib\router\index.js:280:10)
    at cors (C:\Users\CAST20248219\Documents\Ml-Loans\ml-web-loan\server\node_modules\cors\lib\index.js:188:7)
    at C:\Users\CAST20248219\Documents\Ml-Loans\ml-web-loan\server\node_modules\cors\lib\index.js:224:17
ERROR 2024-03-22T15:40:27.982 Logging.. - 
    Request URL: /api/ml-loans/payroll/get-qualification/api/qua, Response URL: {"url":null,"data":null} - {"title":"Authentication Error","body":"Session expired please login again."} | undefined | AUTHENTICATION_ERROR - 401 | null Error
    at ErrorThrower (C:\Users\CAST20248219\Documents\Ml-Loans\ml-web-loan\server\utils\ErrorGenerator.js:2:16)
    at Unauthorized (C:\Users\CAST20248219\Documents\Ml-Loans\ml-web-loan\server\middleware\auth.middleware.js:35:19)
    at Auth (C:\Users\CAST20248219\Documents\Ml-Loans\ml-web-loan\server\middleware\auth.middleware.js:22:26)
    at Layer.handle [as handle_request] (C:\Users\CAST20248219\Documents\Ml-Loans\ml-web-loan\server\node_modules\express\lib\router\layer.js:95:5)
    at trim_prefix (C:\Users\CAST20248219\Documents\Ml-Loans\ml-web-loan\server\node_modules\express\lib\router\index.js:328:13)
    at C:\Users\CAST20248219\Documents\Ml-Loans\ml-web-loan\server\node_modules\express\lib\router\index.js:286:9
    at Function.process_params (C:\Users\CAST20248219\Documents\Ml-Loans\ml-web-loan\server\node_modules\express\lib\router\index.js:346:12)
    at next (C:\Users\CAST20248219\Documents\Ml-Loans\ml-web-loan\server\node_modules\express\lib\router\index.js:280:10)
    at cors (C:\Users\CAST20248219\Documents\Ml-Loans\ml-web-loan\server\node_modules\cors\lib\index.js:188:7)
    at C:\Users\CAST20248219\Documents\Ml-Loans\ml-web-loan\server\node_modules\cors\lib\index.js:224:17
ERROR 2024-03-22T15:40:29.174 Logging.. - 
    Request URL: /api/ml-loans/payroll/get-qualification/api/qua, Response URL: {"url":null,"data":null} - {"title":"Authentication Error","body":"Session expired please login again."} | undefined | AUTHENTICATION_ERROR - 401 | null Error
    at ErrorThrower (C:\Users\CAST20248219\Documents\Ml-Loans\ml-web-loan\server\utils\ErrorGenerator.js:2:16)
    at Unauthorized (C:\Users\CAST20248219\Documents\Ml-Loans\ml-web-loan\server\middleware\auth.middleware.js:35:19)
    at Auth (C:\Users\CAST20248219\Documents\Ml-Loans\ml-web-loan\server\middleware\auth.middleware.js:22:26)
    at Layer.handle [as handle_request] (C:\Users\CAST20248219\Documents\Ml-Loans\ml-web-loan\server\node_modules\express\lib\router\layer.js:95:5)
    at trim_prefix (C:\Users\CAST20248219\Documents\Ml-Loans\ml-web-loan\server\node_modules\express\lib\router\index.js:328:13)
    at C:\Users\CAST20248219\Documents\Ml-Loans\ml-web-loan\server\node_modules\express\lib\router\index.js:286:9
    at Function.process_params (C:\Users\CAST20248219\Documents\Ml-Loans\ml-web-loan\server\node_modules\express\lib\router\index.js:346:12)
    at next (C:\Users\CAST20248219\Documents\Ml-Loans\ml-web-loan\server\node_modules\express\lib\router\index.js:280:10)
    at cors (C:\Users\CAST20248219\Documents\Ml-Loans\ml-web-loan\server\node_modules\cors\lib\index.js:188:7)
    at C:\Users\CAST20248219\Documents\Ml-Loans\ml-web-loan\server\node_modules\cors\lib\index.js:224:17
ERROR 2024-03-22T15:40:48.201 Logging.. - 
    Request URL: /api/ml-loans/payroll/get-qualification/api/qua, Response URL: {"url":null,"data":null} - {"title":"Authentication Error","body":"Session expired please login again."} | undefined | AUTHENTICATION_ERROR - 401 | null Error
    at ErrorThrower (C:\Users\CAST20248219\Documents\Ml-Loans\ml-web-loan\server\utils\ErrorGenerator.js:2:16)
    at Unauthorized (C:\Users\CAST20248219\Documents\Ml-Loans\ml-web-loan\server\middleware\auth.middleware.js:35:19)
    at Auth (C:\Users\CAST20248219\Documents\Ml-Loans\ml-web-loan\server\middleware\auth.middleware.js:22:26)
    at Layer.handle [as handle_request] (C:\Users\CAST20248219\Documents\Ml-Loans\ml-web-loan\server\node_modules\express\lib\router\layer.js:95:5)
    at trim_prefix (C:\Users\CAST20248219\Documents\Ml-Loans\ml-web-loan\server\node_modules\express\lib\router\index.js:328:13)
    at C:\Users\CAST20248219\Documents\Ml-Loans\ml-web-loan\server\node_modules\express\lib\router\index.js:286:9
    at Function.process_params (C:\Users\CAST20248219\Documents\Ml-Loans\ml-web-loan\server\node_modules\express\lib\router\index.js:346:12)
    at next (C:\Users\CAST20248219\Documents\Ml-Loans\ml-web-loan\server\node_modules\express\lib\router\index.js:280:10)
    at cors (C:\Users\CAST20248219\Documents\Ml-Loans\ml-web-loan\server\node_modules\cors\lib\index.js:188:7)
    at C:\Users\CAST20248219\Documents\Ml-Loans\ml-web-loan\server\node_modules\cors\lib\index.js:224:17
ERROR 2024-03-22T15:40:49.955 Logging.. - 
    Request URL: /api/ml-loans/payroll/get-qualification/api/qua, Response URL: {"url":null,"data":null} - {"title":"Authentication Error","body":"Session expired please login again."} | undefined | AUTHENTICATION_ERROR - 401 | null Error
    at ErrorThrower (C:\Users\CAST20248219\Documents\Ml-Loans\ml-web-loan\server\utils\ErrorGenerator.js:2:16)
    at Unauthorized (C:\Users\CAST20248219\Documents\Ml-Loans\ml-web-loan\server\middleware\auth.middleware.js:35:19)
    at Auth (C:\Users\CAST20248219\Documents\Ml-Loans\ml-web-loan\server\middleware\auth.middleware.js:22:26)
    at Layer.handle [as handle_request] (C:\Users\CAST20248219\Documents\Ml-Loans\ml-web-loan\server\node_modules\express\lib\router\layer.js:95:5)
    at trim_prefix (C:\Users\CAST20248219\Documents\Ml-Loans\ml-web-loan\server\node_modules\express\lib\router\index.js:328:13)
    at C:\Users\CAST20248219\Documents\Ml-Loans\ml-web-loan\server\node_modules\express\lib\router\index.js:286:9
    at Function.process_params (C:\Users\CAST20248219\Documents\Ml-Loans\ml-web-loan\server\node_modules\express\lib\router\index.js:346:12)
    at next (C:\Users\CAST20248219\Documents\Ml-Loans\ml-web-loan\server\node_modules\express\lib\router\index.js:280:10)
    at cors (C:\Users\CAST20248219\Documents\Ml-Loans\ml-web-loan\server\node_modules\cors\lib\index.js:188:7)
    at C:\Users\CAST20248219\Documents\Ml-Loans\ml-web-loan\server\node_modules\cors\lib\index.js:224:17
ERROR 2024-03-22T15:42:18.883 Logging.. - 
    Request URL: /api/ml-loans/loans/router/qua, Response URL: {"url":null,"data":null} - {"title":"Authentication Error","body":"Session expired please login again."} | undefined | AUTHENTICATION_ERROR - 401 | null Error
    at ErrorThrower (C:\Users\CAST20248219\Documents\Ml-Loans\ml-web-loan\server\utils\ErrorGenerator.js:2:16)
    at Unauthorized (C:\Users\CAST20248219\Documents\Ml-Loans\ml-web-loan\server\middleware\auth.middleware.js:35:19)
    at Auth (C:\Users\CAST20248219\Documents\Ml-Loans\ml-web-loan\server\middleware\auth.middleware.js:22:26)
    at Layer.handle [as handle_request] (C:\Users\CAST20248219\Documents\Ml-Loans\ml-web-loan\server\node_modules\express\lib\router\layer.js:95:5)
    at trim_prefix (C:\Users\CAST20248219\Documents\Ml-Loans\ml-web-loan\server\node_modules\express\lib\router\index.js:328:13)
    at C:\Users\CAST20248219\Documents\Ml-Loans\ml-web-loan\server\node_modules\express\lib\router\index.js:286:9
    at Function.process_params (C:\Users\CAST20248219\Documents\Ml-Loans\ml-web-loan\server\node_modules\express\lib\router\index.js:346:12)
    at next (C:\Users\CAST20248219\Documents\Ml-Loans\ml-web-loan\server\node_modules\express\lib\router\index.js:280:10)
    at C:\Users\CAST20248219\Documents\Ml-Loans\ml-web-loan\server\node_modules\express\lib\router\index.js:646:15
    at next (C:\Users\CAST20248219\Documents\Ml-Loans\ml-web-loan\server\node_modules\express\lib\router\index.js:265:14)
