
INFO 2023-10-16T09:19:19.931 ML LOANS Server listening on port: 5000
INFO 2023-10-16T09:34:25.066 Logging.. URL: undefined - STATUS: 200; MESSAGE: GET SERVICE FEE: {"data":{"totalServiceFee":200},"code":"SUCCESS","status":200}
INFO 2023-10-16T09:34:26.226 Logging.. URL: undefined - STATUS: 200; MESSAGE: GET THRESHOLD AMOUNT: {"data":{"bracketTierCode":"0.00","responseCode":1,"responseMessage":"Success","threshold":"500000000.00"},"code":"SUCCESS","status":200}
INFO 2023-10-16T09:34:28.966 Logging.. URL: undefined - STATUS: 200; MESSAGE: VALIDATE ACCOUNT: {"data":{"isValidAccountNumber":true,"responseCode":1,"responseMessage":"Success","responseSearch":{"amount":"2567","accounFirstName":"DEVTESTQD","accountLastName":"QDTEST"}},"code":"SUCCESS","status":200}
INFO 2023-10-16T09:35:15.971 ML LOANS Server listening on port: 5000
INFO 2023-10-16T09:52:49.446 Logging.. URL: undefined - STATUS: 200; MESSAGE: GET SERVICE FEE: {"data":{"totalServiceFee":200},"code":"SUCCESS","status":200}
INFO 2023-10-16T09:52:50.442 Logging.. URL: undefined - STATUS: 200; MESSAGE: GET THRESHOLD AMOUNT: {"data":{"bracketTierCode":"0.00","responseCode":1,"responseMessage":"Success","threshold":"500000000.00"},"code":"SUCCESS","status":200}

INFO 2023-10-16T08:42:59.633 ML LOANS Server listening on port: 5000
INFO 2023-10-16T08:48:27.550 ML LOANS Server listening on port: 5000
INFO 2023-10-16T08:50:44.191 ML LOANS Server listening on port: 5000
INFO 2023-10-16T08:54:04.864 ML LOANS Server listening on port: 5000
INFO 2023-10-16T08:59:35.218 Logging.. URL: undefined - STATUS: 200; MESSAGE: GET SERVICE FEE: {"data":{"totalServiceFee":200},"code":"SUCCESS","status":200}
INFO 2023-10-16T08:59:36.843 Logging.. URL: undefined - STATUS: 200; MESSAGE: GET THRESHOLD AMOUNT: {"data":{"bracketTierCode":"0.00","responseCode":1,"responseMessage":"Success","threshold":"500000000.00"},"code":"SUCCESS","status":200}
INFO 2023-10-16T08:59:44.454 Logging.. URL: undefined - STATUS: 200; MESSAGE: VALIDATE ACCOUNT: {"data":{"isValidAccountNumber":true,"responseCode":1,"responseMessage":"Success","responseSearch":{"amount":"2567","accounFirstName":"DEVTESTQD","accountLastName":"QDTEST"}},"code":"SUCCESS","status":200}
INFO 2023-10-16T09:25:10.029 Logging.. URL: undefined - STATUS: 200; MESSAGE: GET SERVICE FEE: {"data":{"totalServiceFee":200},"code":"SUCCESS","status":200}
INFO 2023-10-16T09:25:11.282 Logging.. URL: undefined - STATUS: 200; MESSAGE: GET THRESHOLD AMOUNT: {"data":{"bracketTierCode":"0.00","responseCode":1,"responseMessage":"Success","threshold":"500000000.00"},"code":"SUCCESS","status":200}
INFO 2023-10-16T09:25:26.253 Logging.. URL: undefined - STATUS: 200; MESSAGE: VALIDATE ACCOUNT: {"data":{"isValidAccountNumber":true,"responseCode":1,"responseMessage":"Success","responseSearch":{"amount":"2567","accounFirstName":"DEVTESTQD","accountLastName":"QDTEST"}},"code":"SUCCESS","status":200}
INFO 2023-10-16T10:11:18.642 Logging.. URL: undefined - STATUS: 200; MESSAGE: GET SERVICE FEE: {"data":{"totalServiceFee":200},"code":"SUCCESS","status":200}
INFO 2023-10-16T10:11:19.896 Logging.. URL: undefined - STATUS: 200; MESSAGE: GET THRESHOLD AMOUNT: {"data":{"bracketTierCode":"0.00","responseCode":1,"responseMessage":"Success","threshold":"500000000.00"},"code":"SUCCESS","status":200}
INFO 2023-10-16T10:11:21.976 Logging.. URL: undefined - STATUS: 200; MESSAGE: VALIDATE ACCOUNT: {"data":{"isValidAccountNumber":true,"responseCode":1,"responseMessage":"Success","responseSearch":{"amount":"2567","accounFirstName":"DEVTESTQD","accountLastName":"QDTEST"}},"code":"SUCCESS","status":200}
INFO 2023-10-16T10:11:56.789 Logging.. URL: undefined - STATUS: 200; MESSAGE: KPTN: APBDITJCWBI, PAY BILLS: {"billspayStatus":"POSTED","kptn":"APBDITJCWBI","paymentStatus":"PAID","amountPaid":2567,"ckycId":"X230900000328K1","createdDate":"2023-10-16 10:12:30.082","runningBalance":72495.75,"total":2767,"totalServiceFee":200}, KP7: SUCCESS
INFO 2023-10-16T10:27:27.103 Logging.. URL: undefined - STATUS: 200; MESSAGE: GET SERVICE FEE: {"data":{"totalServiceFee":200},"code":"SUCCESS","status":200}
INFO 2023-10-16T10:27:28.290 Logging.. URL: undefined - STATUS: 200; MESSAGE: GET THRESHOLD AMOUNT: {"data":{"bracketTierCode":"0.00","responseCode":1,"responseMessage":"Success","threshold":"500000000.00"},"code":"SUCCESS","status":200}
INFO 2023-10-16T10:27:36.766 Logging.. URL: undefined - STATUS: 200; MESSAGE: VALIDATE ACCOUNT: {"data":{"isValidAccountNumber":true,"responseCode":1,"responseMessage":"Success","responseSearch":{"amount":"2567","accounFirstName":"DEVTESTQD","accountLastName":"QDTEST"}},"code":"SUCCESS","status":200}
INFO 2023-10-16T10:32:22.920 Logging.. URL: undefined - STATUS: 200; MESSAGE: GET SERVICE FEE: {"data":{"totalServiceFee":200},"code":"SUCCESS","status":200}
INFO 2023-10-16T10:32:24.019 Logging.. URL: undefined - STATUS: 200; MESSAGE: GET THRESHOLD AMOUNT: {"data":{"bracketTierCode":"0.00","responseCode":1,"responseMessage":"Success","threshold":"500000000.00"},"code":"SUCCESS","status":200}
INFO 2023-10-16T10:32:25.912 Logging.. URL: undefined - STATUS: 200; MESSAGE: VALIDATE ACCOUNT: {"data":{"isValidAccountNumber":true,"responseCode":1,"responseMessage":"Success","responseSearch":{"amount":"2567","accounFirstName":"DEVTESTQD","accountLastName":"QDTEST"}},"code":"SUCCESS","status":200}
INFO 2023-10-16T10:32:52.380 Logging.. URL: undefined - STATUS: 200; MESSAGE: KPTN: APBGHPAVWFB, PAY BILLS: {"billspayStatus":"POSTED","kptn":"APBGHPAVWFB","paymentStatus":"PAID","amountPaid":2567,"ckycId":"X230900000328K1","createdDate":"2023-10-16 10:33:27.126","runningBalance":69728.75,"total":2767,"totalServiceFee":200}, KP7: SUCCESS
INFO 2023-10-16T10:33:30.092 Logging.. URL: undefined - STATUS: 200; MESSAGE: GET SERVICE FEE: {"data":{"totalServiceFee":200},"code":"SUCCESS","status":200}
INFO 2023-10-16T10:33:32.419 Logging.. URL: undefined - STATUS: 200; MESSAGE: GET THRESHOLD AMOUNT: {"data":{"bracketTierCode":"0.00","responseCode":1,"responseMessage":"Success","threshold":"500000000.00"},"code":"SUCCESS","status":200}
INFO 2023-10-16T10:33:34.635 Logging.. URL: undefined - STATUS: 200; MESSAGE: VALIDATE ACCOUNT: {"data":{"isValidAccountNumber":true,"responseCode":1,"responseMessage":"Success","responseSearch":{"amount":"2567","accounFirstName":"DEVTESTQD","accountLastName":"QDTEST"}},"code":"SUCCESS","status":200}
INFO 2023-10-16T10:33:50.186 Logging.. URL: undefined - STATUS: 200; MESSAGE: KPTN: APBMRYLVFVG, PAY BILLS: {"billspayStatus":"POSTED","kptn":"APBMRYLVFVG","paymentStatus":"PAID","amountPaid":2567,"ckycId":"X230900000328K1","createdDate":"2023-10-16 10:34:25.605","runningBalance":66961.75,"total":2767,"totalServiceFee":200}, KP7: SUCCESS
INFO 2023-10-16T10:57:26.958 Logging.. URL: undefined - STATUS: 200; MESSAGE: GET SERVICE FEE: {"data":{"totalServiceFee":200},"code":"SUCCESS","status":200}
INFO 2023-10-16T10:57:28.106 Logging.. URL: undefined - STATUS: 200; MESSAGE: GET THRESHOLD AMOUNT: {"data":{"bracketTierCode":"0.00","responseCode":1,"responseMessage":"Success","threshold":"500000000.00"},"code":"SUCCESS","status":200}
INFO 2023-10-16T10:57:30.027 Logging.. URL: undefined - STATUS: 200; MESSAGE: VALIDATE ACCOUNT: {"data":{"isValidAccountNumber":true,"responseCode":1,"responseMessage":"Success","responseSearch":{"amount":"2567","accounFirstName":"DEVTESTQD","accountLastName":"QDTEST"}},"code":"SUCCESS","status":200}
INFO 2023-10-16T10:57:48.216 Logging.. URL: undefined - STATUS: 200; MESSAGE: KPTN: APBVAKAPZHR, PAY BILLS: {"billspayStatus":"POSTED","kptn":"APBVAKAPZHR","paymentStatus":"PAID","amountPaid":2567,"ckycId":"X230900000328K1","createdDate":"2023-10-16 10:58:22.584","runningBalance":64194.75,"total":2767,"totalServiceFee":200}, KP7: SUCCESS
INFO 2023-10-16T11:06:59.677 Logging.. URL: undefined - STATUS: 200; MESSAGE: GET SERVICE FEE: {"data":{"totalServiceFee":200},"code":"SUCCESS","status":200}
INFO 2023-10-16T11:07:00.796 Logging.. URL: undefined - STATUS: 200; MESSAGE: GET THRESHOLD AMOUNT: {"data":{"bracketTierCode":"0.00","responseCode":1,"responseMessage":"Success","threshold":"500000000.00"},"code":"SUCCESS","status":200}
INFO 2023-10-16T11:07:02.769 Logging.. URL: undefined - STATUS: 200; MESSAGE: VALIDATE ACCOUNT: {"data":{"isValidAccountNumber":true,"responseCode":1,"responseMessage":"Success","responseSearch":{"amount":"2567","accounFirstName":"DEVTESTQD","accountLastName":"QDTEST"}},"code":"SUCCESS","status":200}
INFO 2023-10-16T11:07:18.828 Logging.. URL: undefined - STATUS: 200; MESSAGE: KPTN: APBYNRPUNOH, PAY BILLS: {"billspayStatus":"POSTED","kptn":"APBYNRPUNOH","paymentStatus":"PAID","amountPaid":2567,"ckycId":"X230900000328K1","createdDate":"2023-10-16 11:07:53.759","runningBalance":61427.75,"total":2767,"totalServiceFee":200}, KP7: SUCCESS
INFO 2023-10-16T11:12:44.639 Logging.. URL: undefined - STATUS: 200; MESSAGE: GET SERVICE FEE: {"data":{"totalServiceFee":200},"code":"SUCCESS","status":200}
INFO 2023-10-16T11:12:45.787 Logging.. URL: undefined - STATUS: 200; MESSAGE: GET THRESHOLD AMOUNT: {"data":{"bracketTierCode":"0.00","responseCode":1,"responseMessage":"Success","threshold":"500000000.00"},"code":"SUCCESS","status":200}
INFO 2023-10-16T11:12:47.954 Logging.. URL: undefined - STATUS: 200; MESSAGE: VALIDATE ACCOUNT: {"data":{"isValidAccountNumber":true,"responseCode":1,"responseMessage":"Success","responseSearch":{"amount":"2567","accounFirstName":"DEVTESTQD","accountLastName":"QDTEST"}},"code":"SUCCESS","status":200}
INFO 2023-10-16T11:13:02.425 Logging.. URL: undefined - STATUS: 200; MESSAGE: KPTN: APBEDDIJNFV, PAY BILLS: {"billspayStatus":"POSTED","kptn":"APBEDDIJNFV","paymentStatus":"PAID","amountPaid":2567,"ckycId":"X230900000328K1","createdDate":"2023-10-16 11:13:37.333","runningBalance":58660.75,"total":2767,"totalServiceFee":200}, KP7: SUCCESS
INFO 2023-10-16T11:18:25.168 Logging.. URL: undefined - STATUS: 200; MESSAGE: GET SERVICE FEE: {"data":{"totalServiceFee":200},"code":"SUCCESS","status":200}
INFO 2023-10-16T11:18:26.291 Logging.. URL: undefined - STATUS: 200; MESSAGE: GET THRESHOLD AMOUNT: {"data":{"bracketTierCode":"0.00","responseCode":1,"responseMessage":"Success","threshold":"500000000.00"},"code":"SUCCESS","status":200}
INFO 2023-10-16T11:18:28.194 Logging.. URL: undefined - STATUS: 200; MESSAGE: VALIDATE ACCOUNT: {"data":{"isValidAccountNumber":true,"responseCode":1,"responseMessage":"Success","responseSearch":{"amount":"2567","accounFirstName":"DEVTESTQD","accountLastName":"QDTEST"}},"code":"SUCCESS","status":200}
INFO 2023-10-16T11:18:48.252 Logging.. URL: undefined - STATUS: 200; MESSAGE: KPTN: APBXKQVLMUO, PAY BILLS: {"billspayStatus":"POSTED","kptn":"APBXKQVLMUO","paymentStatus":"PAID","amountPaid":2567,"ckycId":"X230900000328K1","createdDate":"2023-10-16 11:19:23.115","runningBalance":55893.75,"total":2767,"totalServiceFee":200}, KP7: SUCCESS
INFO 2023-10-16T11:24:38.927 Logging.. URL: undefined - STATUS: 200; MESSAGE: GET SERVICE FEE: {"data":{"totalServiceFee":200},"code":"SUCCESS","status":200}
INFO 2023-10-16T11:24:40.112 Logging.. URL: undefined - STATUS: 200; MESSAGE: GET THRESHOLD AMOUNT: {"data":{"bracketTierCode":"0.00","responseCode":1,"responseMessage":"Success","threshold":"500000000.00"},"code":"SUCCESS","status":200}
INFO 2023-10-16T11:24:42.068 Logging.. URL: undefined - STATUS: 200; MESSAGE: VALIDATE ACCOUNT: {"data":{"isValidAccountNumber":true,"responseCode":1,"responseMessage":"Success","responseSearch":{"amount":"2567","accounFirstName":"DEVTESTQD","accountLastName":"QDTEST"}},"code":"SUCCESS","status":200}
INFO 2023-10-16T11:25:43.184 Logging.. URL: undefined - STATUS: 200; MESSAGE: KPTN: APBUNTAVNSP, PAY BILLS: {"billspayStatus":"POSTED","kptn":"APBUNTAVNSP","paymentStatus":"PAID","amountPaid":2567,"ckycId":"X230900000328K1","createdDate":"2023-10-16 11:26:18.146","runningBalance":53126.75,"total":2767,"totalServiceFee":200}, KP7: SUCCESS
INFO 2023-10-16T11:27:19.005 Logging.. URL: undefined - STATUS: 200; MESSAGE: GET SERVICE FEE: {"data":{"totalServiceFee":200},"code":"SUCCESS","status":200}
INFO 2023-10-16T11:27:20.698 Logging.. URL: undefined - STATUS: 200; MESSAGE: GET THRESHOLD AMOUNT: {"data":{"bracketTierCode":"0.00","responseCode":1,"responseMessage":"Success","threshold":"500000000.00"},"code":"SUCCESS","status":200}
INFO 2023-10-16T11:27:22.856 Logging.. URL: undefined - STATUS: 200; MESSAGE: VALIDATE ACCOUNT: {"data":{"isValidAccountNumber":true,"responseCode":1,"responseMessage":"Success","responseSearch":{"amount":"2567","accounFirstName":"DEVTESTQD","accountLastName":"QDTEST"}},"code":"SUCCESS","status":200}
INFO 2023-10-16T11:27:36.708 Logging.. URL: undefined - STATUS: 200; MESSAGE: KPTN: APBAGEBALYE, PAY BILLS: {"billspayStatus":"POSTED","kptn":"APBAGEBALYE","paymentStatus":"PAID","amountPaid":2567,"ckycId":"X230900000328K1","createdDate":"2023-10-16 11:28:12.262","runningBalance":50359.75,"total":2767,"totalServiceFee":200}, KP7: SUCCESS
INFO 2023-10-16T11:34:55.340 Logging.. URL: undefined - STATUS: 200; MESSAGE: GET SERVICE FEE: {"data":{"totalServiceFee":200},"code":"SUCCESS","status":200}
INFO 2023-10-16T11:34:56.450 Logging.. URL: undefined - STATUS: 200; MESSAGE: GET THRESHOLD AMOUNT: {"data":{"bracketTierCode":"0.00","responseCode":1,"responseMessage":"Success","threshold":"500000000.00"},"code":"SUCCESS","status":200}
INFO 2023-10-16T11:34:58.408 Logging.. URL: undefined - STATUS: 200; MESSAGE: VALIDATE ACCOUNT: {"data":{"isValidAccountNumber":true,"responseCode":1,"responseMessage":"Success","responseSearch":{"amount":"2567","accounFirstName":"DEVTESTQD","accountLastName":"QDTEST"}},"code":"SUCCESS","status":200}
INFO 2023-10-16T11:35:13.050 Logging.. URL: undefined - STATUS: 200; MESSAGE: KPTN: APBIHQOGVWQ, PAY BILLS: {"billspayStatus":"POSTED","kptn":"APBIHQOGVWQ","paymentStatus":"PAID","amountPaid":2567,"ckycId":"X230900000328K1","createdDate":"2023-10-16 11:35:47.886","runningBalance":47592.75,"total":2767,"totalServiceFee":200}, KP7: SUCCESS
INFO 2023-10-16T11:36:23.807 Logging.. URL: undefined - STATUS: 200; MESSAGE: GET SERVICE FEE: {"data":{"totalServiceFee":200},"code":"SUCCESS","status":200}
INFO 2023-10-16T11:36:24.908 Logging.. URL: undefined - STATUS: 200; MESSAGE: GET THRESHOLD AMOUNT: {"data":{"bracketTierCode":"0.00","responseCode":1,"responseMessage":"Success","threshold":"500000000.00"},"code":"SUCCESS","status":200}
INFO 2023-10-16T11:36:27.386 Logging.. URL: undefined - STATUS: 200; MESSAGE: VALIDATE ACCOUNT: {"data":{"isValidAccountNumber":true,"responseCode":1,"responseMessage":"Success","responseSearch":{"amount":"2567","accounFirstName":"DEVTESTQD","accountLastName":"QDTEST"}},"code":"SUCCESS","status":200}
INFO 2023-10-16T11:36:41.367 Logging.. URL: undefined - STATUS: 200; MESSAGE: KPTN: APBPAJTJDCX, PAY BILLS: {"billspayStatus":"POSTED","kptn":"APBPAJTJDCX","paymentStatus":"PAID","amountPaid":2567,"ckycId":"X230900000328K1","createdDate":"2023-10-16 11:37:16.823","runningBalance":44825.75,"total":2767,"totalServiceFee":200}, KP7: SUCCESS
INFO 2023-10-16T11:44:59.256 Logging.. URL: undefined - STATUS: 200; MESSAGE: GET SERVICE FEE: {"data":{"totalServiceFee":200},"code":"SUCCESS","status":200}
INFO 2023-10-16T11:45:00.400 Logging.. URL: undefined - STATUS: 200; MESSAGE: GET THRESHOLD AMOUNT: {"data":{"bracketTierCode":"0.00","responseCode":1,"responseMessage":"Success","threshold":"500000000.00"},"code":"SUCCESS","status":200}
INFO 2023-10-16T11:45:02.793 Logging.. URL: undefined - STATUS: 200; MESSAGE: VALIDATE ACCOUNT: {"data":{"isValidAccountNumber":true,"responseCode":1,"responseMessage":"Success","responseSearch":{"amount":"2567","accounFirstName":"DEVTESTQD","accountLastName":"QDTEST"}},"code":"SUCCESS","status":200}
INFO 2023-10-16T11:45:16.804 Logging.. URL: undefined - STATUS: 200; MESSAGE: KPTN: APBELYMJSZV, PAY BILLS: {"billspayStatus":"POSTED","kptn":"APBELYMJSZV","paymentStatus":"PAID","amountPaid":2567,"ckycId":"X230900000328K1","createdDate":"2023-10-16 11:45:51.744","runningBalance":42058.75,"total":2767,"totalServiceFee":200}, KP7: SUCCESS
INFO 2023-10-16T11:48:33.345 Logging.. URL: undefined - STATUS: 200; MESSAGE: GET SERVICE FEE: {"data":{"totalServiceFee":200},"code":"SUCCESS","status":200}
INFO 2023-10-16T11:48:34.684 Logging.. URL: undefined - STATUS: 200; MESSAGE: GET THRESHOLD AMOUNT: {"data":{"bracketTierCode":"0.00","responseCode":1,"responseMessage":"Success","threshold":"500000000.00"},"code":"SUCCESS","status":200}
INFO 2023-10-16T11:48:36.743 Logging.. URL: undefined - STATUS: 200; MESSAGE: VALIDATE ACCOUNT: {"data":{"isValidAccountNumber":true,"responseCode":1,"responseMessage":"Success","responseSearch":{"amount":"2567","accounFirstName":"DEVTESTQD","accountLastName":"QDTEST"}},"code":"SUCCESS","status":200}
INFO 2023-10-16T11:49:01.911 Logging.. URL: undefined - STATUS: 200; MESSAGE: KPTN: APBQAXMNHSX, PAY BILLS: {"billspayStatus":"POSTED","kptn":"APBQAXMNHSX","paymentStatus":"PAID","amountPaid":2567,"ckycId":"X230900000328K1","createdDate":"2023-10-16 11:49:36.899","runningBalance":39291.75,"total":2767,"totalServiceFee":200}, KP7: SUCCESS
INFO 2023-10-16T11:59:47.602 Logging.. URL: undefined - STATUS: 200; MESSAGE: GET SERVICE FEE: {"data":{"totalServiceFee":200},"code":"SUCCESS","status":200}
INFO 2023-10-16T11:59:48.874 Logging.. URL: undefined - STATUS: 200; MESSAGE: GET THRESHOLD AMOUNT: {"data":{"bracketTierCode":"0.00","responseCode":1,"responseMessage":"Success","threshold":"500000000.00"},"code":"SUCCESS","status":200}
INFO 2023-10-16T11:59:51.551 Logging.. URL: undefined - STATUS: 200; MESSAGE: VALIDATE ACCOUNT: {"data":{"isValidAccountNumber":true,"responseCode":1,"responseMessage":"Success","responseSearch":{"amount":"2567","accounFirstName":"DEVTESTQD","accountLastName":"QDTEST"}},"code":"SUCCESS","status":200}
INFO 2023-10-16T12:00:06.628 Logging.. URL: undefined - STATUS: 200; MESSAGE: KPTN: APBVJZXLIEN, PAY BILLS: {"billspayStatus":"POSTED","kptn":"APBVJZXLIEN","paymentStatus":"PAID","amountPaid":2567,"ckycId":"X230900000328K1","createdDate":"2023-10-16 12:00:41.458","runningBalance":36524.75,"total":2767,"totalServiceFee":200}, KP7: SUCCESS
INFO 2023-10-16T12:21:46.892 Logging.. URL: undefined - STATUS: 200; MESSAGE: GET SERVICE FEE: {"data":{"totalServiceFee":200},"code":"SUCCESS","status":200}
INFO 2023-10-16T12:21:48.656 Logging.. URL: undefined - STATUS: 200; MESSAGE: GET THRESHOLD AMOUNT: {"data":{"bracketTierCode":"0.00","responseCode":1,"responseMessage":"Success","threshold":"500000000.00"},"code":"SUCCESS","status":200}
INFO 2023-10-16T12:21:51.547 Logging.. URL: undefined - STATUS: 200; MESSAGE: VALIDATE ACCOUNT: {"data":{"isValidAccountNumber":true,"responseCode":1,"responseMessage":"Success","responseSearch":{"amount":"2567","accounFirstName":"DEVTESTQD","accountLastName":"QDTEST"}},"code":"SUCCESS","status":200}
INFO 2023-10-16T12:22:13.974 Logging.. URL: undefined - STATUS: 200; MESSAGE: KPTN: APBIKYLRRPU, PAY BILLS: {"billspayStatus":"POSTED","kptn":"APBIKYLRRPU","paymentStatus":"PAID","amountPaid":2567,"ckycId":"X230900000328K1","createdDate":"2023-10-16 12:22:48.695","runningBalance":33757.75,"total":2767,"totalServiceFee":200}, KP7: SUCCESS
INFO 2023-10-16T12:35:38.028 Logging.. URL: undefined - STATUS: 200; MESSAGE: GET SERVICE FEE: {"data":{"totalServiceFee":200},"code":"SUCCESS","status":200}
INFO 2023-10-16T12:35:39.164 Logging.. URL: undefined - STATUS: 200; MESSAGE: GET THRESHOLD AMOUNT: {"data":{"bracketTierCode":"0.00","responseCode":1,"responseMessage":"Success","threshold":"500000000.00"},"code":"SUCCESS","status":200}
INFO 2023-10-16T12:35:41.650 Logging.. URL: undefined - STATUS: 200; MESSAGE: VALIDATE ACCOUNT: {"data":{"isValidAccountNumber":true,"responseCode":1,"responseMessage":"Success","responseSearch":{"amount":"2567","accounFirstName":"DEVTESTQD","accountLastName":"QDTEST"}},"code":"SUCCESS","status":200}
INFO 2023-10-16T12:35:55.349 Logging.. URL: undefined - STATUS: 200; MESSAGE: KPTN: APBKFIDJEHY, PAY BILLS: {"billspayStatus":"POSTED","kptn":"APBKFIDJEHY","paymentStatus":"PAID","amountPaid":2567,"ckycId":"X230900000328K1","createdDate":"2023-10-16 12:36:30.202","runningBalance":30990.75,"total":2767,"totalServiceFee":200}, KP7: SUCCESS
