INFO 2023-10-10T14:37:38.805 ML LOANS Server listening on port: 5000
INFO 2023-10-10T13:16:48.662 ML LOANS Server listening on port: 5000
INFO 2023-10-10T13:32:49.182 Logging.. URL: undefined - STATUS: 200; MESSAGE: GET SERVICE FEE: {"data":{"totalServiceFee":200},"code":"SUCCESS","status":200}
INFO 2023-10-10T13:32:50.410 Logging.. URL: undefined - STATUS: 200; MESSAGE: GET THRESHOLD AMOUNT: {"data":{"bracketTierCode":"0.00","responseCode":1,"responseMessage":"Success","threshold":"500000000.00"},"code":"SUCCESS","status":200}
INFO 2023-10-10T13:32:52.903 Logging.. URL: undefined - STATUS: 200; MESSAGE: VALIDATE ACCOUNT: {"data":{"isValidAccountNumber":true,"responseCode":1,"responseMessage":"Success","responseSearch":{"amount":"2567","accounFirstName":"DEVTESTQD","accountLastName":"QDTEST"}},"code":"SUCCESS","status":200}
INFO 2023-10-10T13:33:12.096 Logging.. URL: undefined - STATUS: 200; MESSAGE: PAY BILLS: {"billspayStatus":"FAILED","kptn":"APBORRNBIDT","paymentStatus":"PAID","amountPaid":2567,"ckycId":"X230900000328K1","createdDate":"2023-10-10 13:33:48.801","runningBalance":333,"total":2767,"totalServiceFee":200}
INFO 2023-10-10T13:33:12.337 Logging.. URL: https://ml-authservice-dev.df.r.appspot.com/api/v1/external-user - STATUS: 201; MESSAGE: GET TOKEN: {"data":{"token":"eyJhbGciOiJIUzI1NiIsInR5cCI6IkpXVCJ9.eyJhcGlLZXkiOiJtbExvYW5zQXBpS2V5IiwibmFtZSI6Ik1MIExPQU5TIiwiZXhwaXJlc0luIjoxNjk2OTE2MzMwNDM0LCJpYXQiOjE2OTY5MTYwMzAsImV4cCI6MTY5NjkxNjMzMH0.0TL5HMRfcz3Cq8QsZvtzAXhEySJGJq9_U2rs3pBrNRY"},"code":"SUCCESS"}
INFO 2023-10-10T13:33:12.555 Logging.. URL: https://napu.mlhuillier.com/v1/api/1.0/billspay/APBORRNBIDT - STATUS: 200; MESSAGE: UPDATE BILLSPAY: {"data":{"billspayStatus":"POSTED","kptn":"APBORRNBIDT","paymentStatus":"PAID","amountPaid":2567,"ckycId":"X230900000328K1","createdDate":"2023-10-10 13:33:48.801","runningBalance":333,"total":2767,"totalServiceFee":200},"code":"SUCCESS","status":200}
INFO 2023-10-10T13:33:12.555 Logging.. URL: undefined - STATUS: 200; MESSAGE: SUCCESS UPDATE: Kptn - APBORRNBIDT
INFO 2023-10-10T13:58:54.963 Logging.. URL: undefined - STATUS: 200; MESSAGE: GET SERVICE FEE: {"data":{"totalServiceFee":200},"code":"SUCCESS","status":200}
INFO 2023-10-10T13:58:56.055 Logging.. URL: undefined - STATUS: 200; MESSAGE: GET THRESHOLD AMOUNT: {"data":{"bracketTierCode":"0.00","responseCode":1,"responseMessage":"Success","threshold":"500000000.00"},"code":"SUCCESS","status":200}
INFO 2023-10-10T13:58:57.811 Logging.. URL: undefined - STATUS: 200; MESSAGE: VALIDATE ACCOUNT: {"data":{"isValidAccountNumber":true,"responseCode":1,"responseMessage":"Success","responseSearch":{"amount":"2567","accounFirstName":"DEVTESTQD","accountLastName":"QDTEST"}},"code":"SUCCESS","status":200}
INFO 2023-10-10T13:59:21.592 Logging.. URL: undefined - STATUS: 200; MESSAGE: PAY BILLS: {"billspayStatus":"FAILED","kptn":"APBRKOXBLGM","paymentStatus":"PAID","amountPaid":2567,"ckycId":"X230900000328K1","createdDate":"2023-10-10 13:59:58.622","runningBalance":17566,"total":2767,"totalServiceFee":200}
INFO 2023-10-10T13:59:21.945 Logging.. URL: https://ml-authservice-dev.df.r.appspot.com/api/v1/external-user - STATUS: 201; MESSAGE: GET TOKEN: {"data":{"token":"eyJhbGciOiJIUzI1NiIsInR5cCI6IkpXVCJ9.eyJhcGlLZXkiOiJtbExvYW5zQXBpS2V5IiwibmFtZSI6Ik1MIExPQU5TIiwiZXhwaXJlc0luIjoxNjk2OTE3OTAwMDQ3LCJpYXQiOjE2OTY5MTc2MDAsImV4cCI6MTY5NjkxNzkwMH0.JgkUwL8BmRicf-usiO-eHptck4fPfJFwd_5Ddqb1BAg"},"code":"SUCCESS"}
INFO 2023-10-10T13:59:22.188 Logging.. URL: https://napu.mlhuillier.com/v1/api/1.0/billspay/APBRKOXBLGM - STATUS: 200; MESSAGE: UPDATE BILLSPAY: {"data":{"billspayStatus":"POSTED","kptn":"APBRKOXBLGM","paymentStatus":"PAID","amountPaid":2567,"ckycId":"X230900000328K1","createdDate":"2023-10-10 13:59:58.622","runningBalance":17566,"total":2767,"totalServiceFee":200},"code":"SUCCESS","status":200}
INFO 2023-10-10T13:59:22.188 Logging.. URL: undefined - STATUS: 200; MESSAGE: SUCCESS UPDATE: Kptn - APBRKOXBLGM
INFO 2023-10-10T14:03:28.779 Logging.. URL: undefined - STATUS: 200; MESSAGE: GET SERVICE FEE: {"data":{"totalServiceFee":200},"code":"SUCCESS","status":200}
INFO 2023-10-10T14:03:30.209 Logging.. URL: undefined - STATUS: 200; MESSAGE: GET THRESHOLD AMOUNT: {"data":{"bracketTierCode":"0.00","responseCode":1,"responseMessage":"Success","threshold":"500000000.00"},"code":"SUCCESS","status":200}
INFO 2023-10-10T14:03:32.134 Logging.. URL: undefined - STATUS: 200; MESSAGE: VALIDATE ACCOUNT: {"data":{"isValidAccountNumber":true,"responseCode":1,"responseMessage":"Success","responseSearch":{"amount":"2567","accounFirstName":"DEVTESTQD","accountLastName":"QDTEST"}},"code":"SUCCESS","status":200}
INFO 2023-10-10T14:05:45.749 Logging.. URL: undefined - STATUS: 200; MESSAGE: GET SERVICE FEE: {"data":{"totalServiceFee":200},"code":"SUCCESS","status":200}
INFO 2023-10-10T14:05:46.964 Logging.. URL: undefined - STATUS: 200; MESSAGE: GET THRESHOLD AMOUNT: {"data":{"bracketTierCode":"0.00","responseCode":1,"responseMessage":"Success","threshold":"500000000.00"},"code":"SUCCESS","status":200}
INFO 2023-10-10T14:05:48.946 Logging.. URL: undefined - STATUS: 200; MESSAGE: VALIDATE ACCOUNT: {"data":{"isValidAccountNumber":true,"responseCode":1,"responseMessage":"Success","responseSearch":{"amount":"2567","accounFirstName":"DEVTESTQD","accountLastName":"QDTEST"}},"code":"SUCCESS","status":200}
INFO 2023-10-10T14:09:11.186 Logging.. URL: undefined - STATUS: 200; MESSAGE: GET SERVICE FEE: {"data":{"totalServiceFee":200},"code":"SUCCESS","status":200}
INFO 2023-10-10T14:09:12.217 Logging.. URL: undefined - STATUS: 200; MESSAGE: GET THRESHOLD AMOUNT: {"data":{"bracketTierCode":"0.00","responseCode":1,"responseMessage":"Success","threshold":"500000000.00"},"code":"SUCCESS","status":200}
INFO 2023-10-10T14:09:13.814 Logging.. URL: undefined - STATUS: 200; MESSAGE: VALIDATE ACCOUNT: {"data":{"isValidAccountNumber":true,"responseCode":1,"responseMessage":"Success","responseSearch":{"amount":"2567","accounFirstName":"DEVTESTQD","accountLastName":"QDTEST"}},"code":"SUCCESS","status":200}
INFO 2023-10-10T14:13:39.230 Logging.. URL: undefined - STATUS: 200; MESSAGE: GET SERVICE FEE: {"data":{"totalServiceFee":200},"code":"SUCCESS","status":200}
INFO 2023-10-10T14:13:40.404 Logging.. URL: undefined - STATUS: 200; MESSAGE: GET THRESHOLD AMOUNT: {"data":{"bracketTierCode":"0.00","responseCode":1,"responseMessage":"Success","threshold":"500000000.00"},"code":"SUCCESS","status":200}
INFO 2023-10-10T14:13:42.325 Logging.. URL: undefined - STATUS: 200; MESSAGE: VALIDATE ACCOUNT: {"data":{"isValidAccountNumber":true,"responseCode":1,"responseMessage":"Success","responseSearch":{"amount":"2567","accounFirstName":"DEVTESTQD","accountLastName":"QDTEST"}},"code":"SUCCESS","status":200}
INFO 2023-10-10T07:56:23.697 ML LOANS Server listening on port: 5000
INFO 2023-10-10T08:02:03.740 Logging.. URL: undefined - STATUS: 200; MESSAGE: GET SERVICE FEE: {"data":{"totalServiceFee":200},"code":"SUCCESS","status":200}
INFO 2023-10-10T08:02:05.106 Logging.. URL: undefined - STATUS: 200; MESSAGE: GET THRESHOLD AMOUNT: {"data":{"bracketTierCode":"0.00","responseCode":1,"responseMessage":"Success","threshold":"500000000.00"},"code":"SUCCESS","status":200}
INFO 2023-10-10T08:02:07.442 Logging.. URL: undefined - STATUS: 200; MESSAGE: VALIDATE ACCOUNT: {"data":{"isValidAccountNumber":true,"responseCode":1,"responseMessage":"Success","responseSearch":{"amount":"2567","accounFirstName":"DEVTESTQD","accountLastName":"QDTEST"}},"code":"SUCCESS","status":200}
INFO 2023-10-10T08:02:20.488 Logging.. URL: undefined - STATUS: 200; MESSAGE: GET SERVICE FEE: {"data":{"totalServiceFee":200},"code":"SUCCESS","status":200}
INFO 2023-10-10T08:02:21.545 Logging.. URL: undefined - STATUS: 200; MESSAGE: GET THRESHOLD AMOUNT: {"data":{"bracketTierCode":"0.00","responseCode":1,"responseMessage":"Success","threshold":"500000000.00"},"code":"SUCCESS","status":200}
INFO 2023-10-10T08:02:23.321 Logging.. URL: undefined - STATUS: 200; MESSAGE: VALIDATE ACCOUNT: {"data":{"isValidAccountNumber":true,"responseCode":1,"responseMessage":"Success","responseSearch":{"amount":"2567","accounFirstName":"DEVTESTQD","accountLastName":"QDTEST"}},"code":"SUCCESS","status":200}
INFO 2023-10-10T08:12:57.738 Logging.. URL: undefined - STATUS: 200; MESSAGE: GET SERVICE FEE: {"data":{"totalServiceFee":200},"code":"SUCCESS","status":200}
INFO 2023-10-10T08:12:58.826 Logging.. URL: undefined - STATUS: 200; MESSAGE: GET THRESHOLD AMOUNT: {"data":{"bracketTierCode":"0.00","responseCode":1,"responseMessage":"Success","threshold":"500000000.00"},"code":"SUCCESS","status":200}
INFO 2023-10-10T08:13:00.979 Logging.. URL: undefined - STATUS: 200; MESSAGE: VALIDATE ACCOUNT: {"data":{"isValidAccountNumber":true,"responseCode":1,"responseMessage":"Success","responseSearch":{"amount":"2567","accounFirstName":"DEVTESTQD","accountLastName":"QDTEST"}},"code":"SUCCESS","status":200}
INFO 2023-10-10T08:14:14.807 Logging.. URL: undefined - STATUS: 200; MESSAGE: GET SERVICE FEE: {"data":{"totalServiceFee":200},"code":"SUCCESS","status":200}
INFO 2023-10-10T08:14:15.906 Logging.. URL: undefined - STATUS: 200; MESSAGE: GET THRESHOLD AMOUNT: {"data":{"bracketTierCode":"0.00","responseCode":1,"responseMessage":"Success","threshold":"500000000.00"},"code":"SUCCESS","status":200}
INFO 2023-10-10T08:14:17.417 Logging.. URL: undefined - STATUS: 200; MESSAGE: VALIDATE ACCOUNT: {"data":{"isValidAccountNumber":true,"responseCode":1,"responseMessage":"Success","responseSearch":{"amount":"2567","accounFirstName":"DEVTESTQD","accountLastName":"QDTEST"}},"code":"SUCCESS","status":200}
INFO 2023-10-10T08:15:16.580 Logging.. URL: undefined - STATUS: 200; MESSAGE: GET SERVICE FEE: {"data":{"totalServiceFee":200},"code":"SUCCESS","status":200}
INFO 2023-10-10T08:15:17.640 Logging.. URL: undefined - STATUS: 200; MESSAGE: GET THRESHOLD AMOUNT: {"data":{"bracketTierCode":"0.00","responseCode":1,"responseMessage":"Success","threshold":"500000000.00"},"code":"SUCCESS","status":200}
INFO 2023-10-10T08:15:19.286 Logging.. URL: undefined - STATUS: 200; MESSAGE: VALIDATE ACCOUNT: {"data":{"isValidAccountNumber":true,"responseCode":1,"responseMessage":"Success","responseSearch":{"amount":"2567","accounFirstName":"DEVTESTQD","accountLastName":"QDTEST"}},"code":"SUCCESS","status":200}
INFO 2023-10-10T14:41:14.363 ML LOANS Server listening on port: 5000
