INFO 2023-10-09T08:01:58.283 ML LOANS Server listening on port: 5000
INFO 2023-10-09T10:18:17.423 ML LOANS Server listening on port: 5000
INFO 2023-10-09T10:19:19.745 ML LOANS Server listening on port: 5000
INFO 2023-10-09T10:20:10.829 ML LOANS Server listening on port: 5000
INFO 2023-10-09T10:22:02.372 ML LOANS Server listening on port: 5000
INFO 2023-10-09T10:22:10.161 ML LOANS Server listening on port: 5000
INFO 2023-10-09T10:22:39.432 ML LOANS Server listening on port: 5000
INFO 2023-10-09T10:22:50.617 ML LOANS Server listening on port: 5000
INFO 2023-10-09T10:22:53.217 ML LOANS Server listening on port: 5000
INFO 2023-10-09T10:25:55.948 ML LOANS Server listening on port: 5000
INFO 2023-10-09T10:30:09.117 ML LOANS Server listening on port: 5000
INFO 2023-10-09T10:30:29.858 ML LOANS Server listening on port: 5000
INFO 2023-10-09T10:31:01.647 ML LOANS Server listening on port: 5000
INFO 2023-10-09T10:31:20.347 ML LOANS Server listening on port: 5000
INFO 2023-10-09T10:31:42.058 ML LOANS Server listening on port: 5000
INFO 2023-10-09T10:31:56.598 ML LOANS Server listening on port: 5000
INFO 2023-10-09T10:32:14.088 ML LOANS Server listening on port: 5000
INFO 2023-10-09T10:32:16.656 ML LOANS Server listening on port: 5000
INFO 2023-10-09T10:32:28.597 ML LOANS Server listening on port: 5000
INFO 2023-10-09T10:32:41.782 ML LOANS Server listening on port: 5000
INFO 2023-10-09T10:34:28.484 ML LOANS Server listening on port: 5000
INFO 2023-10-09T10:34:43.146 ML LOANS Server listening on port: 5000
INFO 2023-10-09T10:48:18.421 ML LOANS Server listening on port: 5000
INFO 2023-10-09T10:50:10.281 ML LOANS Server listening on port: 5000
INFO 2023-10-09T10:51:08.711 ML LOANS Server listening on port: 5000
INFO 2023-10-09T10:52:09.422 ML LOANS Server listening on port: 5000
INFO 2023-10-09T10:52:43.572 ML LOANS Server listening on port: 5000
INFO 2023-10-09T10:53:49.251 ML LOANS Server listening on port: 5000
INFO 2023-10-09T10:54:03.872 ML LOANS Server listening on port: 5000
INFO 2023-10-09T13:24:59.052 ML LOANS Server listening on port: 5000
INFO 2023-10-09T14:03:38.999 ML LOANS Server listening on port: 5000
INFO 2023-10-09T14:42:13.475 ML LOANS Server listening on port: 5000
INFO 2023-10-09T14:45:17.020 ML LOANS Server listening on port: 5000
INFO 2023-10-09T14:47:28.453 ML LOANS Server listening on port: 5000
INFO 2023-10-09T14:49:11.173 ML LOANS Server listening on port: 5000
INFO 2023-10-09T14:49:34.666 ML LOANS Server listening on port: 5000
INFO 2023-10-09T14:57:13.605 ML LOANS Server listening on port: 5000
INFO 2023-10-09T15:01:12.176 ML LOANS Server listening on port: 5000
INFO 2023-10-09T15:08:09.202 ML LOANS Server listening on port: 5000
INFO 2023-10-09T15:09:38.125 ML LOANS Server listening on port: 5000
INFO 2023-10-09T15:09:50.177 ML LOANS Server listening on port: 5000
INFO 2023-10-09T15:16:21.428 ML LOANS Server listening on port: 5000
INFO 2023-10-09T15:26:20.037 ML LOANS Server listening on port: 5000
INFO 2023-10-09T15:45:00.795 ML LOANS Server listening on port: 5000
INFO 2023-10-09T15:45:03.635 ML LOANS Server listening on port: 5000
INFO 2023-10-09T15:45:52.327 ML LOANS Server listening on port: 5000
INFO 2023-10-09T15:49:22.216 ML LOANS Server listening on port: 5000
INFO 2023-10-09T15:53:19.392 ML LOANS Server listening on port: 5000
INFO 2023-10-09T15:57:07.817 ML LOANS Server listening on port: 5000
INFO 2023-10-09T15:57:18.399 ML LOANS Server listening on port: 5000
INFO 2023-10-09T15:57:41.363 ML LOANS Server listening on port: 5000
INFO 2023-10-09T15:58:06.875 ML LOANS Server listening on port: 5000
INFO 2023-10-09T15:59:56.228 ML LOANS Server listening on port: 5000
INFO 2023-10-09T16:03:25.844 ML LOANS Server listening on port: 5000
INFO 2023-10-09T16:03:30.861 ML LOANS Server listening on port: 5000
INFO 2023-10-09T16:03:50.975 ML LOANS Server listening on port: 5000
INFO 2023-10-09T16:05:28.607 ML LOANS Server listening on port: 5000
INFO 2023-10-09T16:06:14.259 ML LOANS Server listening on port: 5000
INFO 2023-10-09T16:07:10.767 ML LOANS Server listening on port: 5000
INFO 2023-10-09T16:07:21.449 ML LOANS Server listening on port: 5000
INFO 2023-10-09T16:08:34.921 ML LOANS Server listening on port: 5000
INFO 2023-10-09T16:10:21.506 ML LOANS Server listening on port: 5000
INFO 2023-10-09T16:14:11.385 ML LOANS Server listening on port: 5000
INFO 2023-10-09T16:14:20.677 ML LOANS Server listening on port: 5000
INFO 2023-10-09T16:14:40.870 ML LOANS Server listening on port: 5000
INFO 2023-10-09T16:15:19.762 ML LOANS Server listening on port: 5000
INFO 2023-10-09T16:16:04.842 ML LOANS Server listening on port: 5000
INFO 2023-10-09T16:16:21.252 ML LOANS Server listening on port: 5000
INFO 2023-10-09T16:17:03.292 Logging.. URL: undefined - STATUS: 200; MESSAGE: PAY BILLS: {"billspayStatus":"FAILED","kptn":"APBFLICQDKM","paymentStatus":"PAID","amountPaid":10,"ckycId":"X230900000328K1","createdDate":"2023-10-09 16:17:38.943","runningBalance":8404,"total":210,"totalServiceFee":200}
INFO 2023-10-09T16:17:03.542 Logging.. URL: https://ml-authservice-dev.df.r.appspot.com/api/v1/external-user - STATUS: 201; MESSAGE: {"data":{"token":"eyJhbGciOiJIUzI1NiIsInR5cCI6IkpXVCJ9.eyJhcGlLZXkiOiJtbExvYW5zQXBpS2V5IiwibmFtZSI6Ik1MIExPQU5TIiwiZXhwaXJlc0luIjoxNjk2ODM5NzYxMDI4LCJpYXQiOjE2OTY4Mzk0NjEsImV4cCI6MTY5NjgzOTc2MX0.aVizQkueo61jaA02ukgYvC_LzeItD6T5PHT2wmq76pc"},"code":"SUCCESS"}
INFO 2023-10-09T16:17:03.784 Logging.. URL: https://napu.mlhuillier.com/v1/api/1.0/billspay/APBFLICQDKM - STATUS: 200; MESSAGE: {"data":{"billspayStatus":"POSTED","kptn":"APBFLICQDKM","paymentStatus":"PAID","amountPaid":10,"ckycId":"X230900000328K1","createdDate":"2023-10-09 16:17:38.943","runningBalance":8404,"total":210,"totalServiceFee":200},"code":"SUCCESS","status":200}
INFO 2023-10-09T16:17:03.784 Logging.. URL: https://napu.mlhuillier.com/v1/api/1.0/billspay/APBFLICQDKM - STATUS: 200; MESSAGE: {"data":{"billspayStatus":"POSTED","kptn":"APBFLICQDKM","paymentStatus":"PAID","amountPaid":10,"ckycId":"X230900000328K1","createdDate":"2023-10-09 16:17:38.943","runningBalance":8404,"total":210,"totalServiceFee":200},"code":"SUCCESS","status":200}
INFO 2023-10-09T16:17:03.784 Logging.. URL: undefined - STATUS: 200; MESSAGE: SUCCESS UPDATE: Kptn - APBFLICQDKM
INFO 2023-10-09T16:19:23.869 ML LOANS Server listening on port: 5000
INFO 2023-10-09T16:19:47.929 ML LOANS Server listening on port: 5000
INFO 2023-10-09T16:20:12.673 ML LOANS Server listening on port: 5000
INFO 2023-10-09T16:20:30.454 ML LOANS Server listening on port: 5000
INFO 2023-10-09T16:20:44.548 Logging.. URL: undefined - STATUS: 200; MESSAGE: PAY BILLS: {"billspayStatus":"FAILED","kptn":"APBPSWXKLGP","paymentStatus":"PAID","amountPaid":10,"ckycId":"X230900000328K1","createdDate":"2023-10-09 16:21:20.492","runningBalance":8194,"total":210,"totalServiceFee":200}
INFO 2023-10-09T16:20:44.752 Logging.. URL: https://ml-authservice-dev.df.r.appspot.com/api/v1/external-user - STATUS: 201; MESSAGE: GET TOKEN: {"data":{"token":"eyJhbGciOiJIUzI1NiIsInR5cCI6IkpXVCJ9.eyJhcGlLZXkiOiJtbExvYW5zQXBpS2V5IiwibmFtZSI6Ik1MIExPQU5TIiwiZXhwaXJlc0luIjoxNjk2ODM5OTgyMjM0LCJpYXQiOjE2OTY4Mzk2ODIsImV4cCI6MTY5NjgzOTk4Mn0.J1aiQCiO6SgYNe9ALnGqBCwLrAlosoFlh1sG1FlTy6Y"},"code":"SUCCESS"}
INFO 2023-10-09T16:20:45.005 Logging.. URL: https://napu.mlhuillier.com/v1/api/1.0/billspay/APBPSWXKLGP - STATUS: 200; MESSAGE: UPDATE BILLSPAY: {"data":{"billspayStatus":"POSTED","kptn":"APBPSWXKLGP","paymentStatus":"PAID","amountPaid":10,"ckycId":"X230900000328K1","createdDate":"2023-10-09 16:21:20.492","runningBalance":8194,"total":210,"totalServiceFee":200},"code":"SUCCESS","status":200}
INFO 2023-10-09T16:20:45.005 Logging.. URL: undefined - STATUS: 200; MESSAGE: SUCCESS UPDATE: Kptn - APBPSWXKLGP
